{"C:\\Users\\Acer\\Documents\\work-immersion-system\\backend\\server.js": {"path":"C:\\Users\\Acer\\Documents\\work-immersion-system\\backend\\server.js","statementMap":{"0":{"start":{"line":1,"column":0},"end":{"line":1,"column":27}},"1":{"start":{"line":2,"column":16},"end":{"line":2,"column":34}},"2":{"start":{"line":3,"column":13},"end":{"line":3,"column":28}},"3":{"start":{"line":4,"column":13},"end":{"line":4,"column":28}},"4":{"start":{"line":5,"column":18},"end":{"line":5,"column":44}},"5":{"start":{"line":7,"column":12},"end":{"line":7,"column":21}},"6":{"start":{"line":9,"column":0},"end":{"line":9,"column":12}},"7":{"start":{"line":12,"column":0},"end":{"line":18,"column":4}},"8":{"start":{"line":20,"column":0},"end":{"line":20,"column":24}},"9":{"start":{"line":21,"column":0},"end":{"line":21,"column":48}},"10":{"start":{"line":22,"column":0},"end":{"line":22,"column":69}},"11":{"start":{"line":24,"column":17},"end":{"line":24,"column":26}},"12":{"start":{"line":26,"column":19},"end":{"line":26,"column":53}},"13":{"start":{"line":27,"column":20},"end":{"line":27,"column":55}},"14":{"start":{"line":28,"column":22},"end":{"line":28,"column":59}},"15":{"start":{"line":29,"column":22},"end":{"line":29,"column":59}},"16":{"start":{"line":31,"column":0},"end":{"line":31,"column":40}},"17":{"start":{"line":32,"column":0},"end":{"line":32,"column":42}},"18":{"start":{"line":33,"column":0},"end":{"line":33,"column":46}},"19":{"start":{"line":34,"column":0},"end":{"line":34,"column":46}},"20":{"start":{"line":36,"column":0},"end":{"line":38,"column":3}},"21":{"start":{"line":37,"column":2},"end":{"line":37,"column":32}},"22":{"start":{"line":40,"column":13},"end":{"line":40,"column":37}},"23":{"start":{"line":42,"column":0},"end":{"line":48,"column":1}},"24":{"start":{"line":43,"column":2},"end":{"line":47,"column":5}},"25":{"start":{"line":44,"column":4},"end":{"line":44,"column":50}},"26":{"start":{"line":45,"column":4},"end":{"line":45,"column":66}},"27":{"start":{"line":46,"column":4},"end":{"line":46,"column":68}},"28":{"start":{"line":50,"column":0},"end":{"line":50,"column":21}}},"fnMap":{"0":{"name":"(anonymous_0)","decl":{"start":{"line":36,"column":13},"end":{"line":36,"column":14}},"loc":{"start":{"line":36,"column":27},"end":{"line":38,"column":1}},"line":36},"1":{"name":"(anonymous_1)","decl":{"start":{"line":43,"column":19},"end":{"line":43,"column":20}},"loc":{"start":{"line":43,"column":25},"end":{"line":47,"column":3}},"line":43}},"branchMap":{"0":{"loc":{"start":{"line":40,"column":13},"end":{"line":40,"column":37}},"type":"binary-expr","locations":[{"start":{"line":40,"column":13},"end":{"line":40,"column":29}},{"start":{"line":40,"column":33},"end":{"line":40,"column":37}}],"line":40},"1":{"loc":{"start":{"line":42,"column":0},"end":{"line":48,"column":1}},"type":"if","locations":[{"start":{"line":42,"column":0},"end":{"line":48,"column":1}},{"start":{},"end":{}}],"line":42}},"s":{"0":1,"1":1,"2":1,"3":1,"4":1,"5":1,"6":1,"7":1,"8":1,"9":1,"10":1,"11":1,"12":1,"13":1,"14":1,"15":1,"16":1,"17":1,"18":1,"19":1,"20":1,"21":1,"22":1,"23":1,"24":0,"25":0,"26":0,"27":0,"28":1},"f":{"0":1,"1":0},"b":{"0":[1,0],"1":[0,1]},"_coverageSchema":"1a1c01bbd47fc00a2c39e90264f33305004495a9","hash":"9e8233d7d0dea821c8c67d089a24d9e2921f8d0f"}
,"C:\\Users\\Acer\\Documents\\work-immersion-system\\backend\\src\\config\\db.js": {"path":"C:\\Users\\Acer\\Documents\\work-immersion-system\\backend\\src\\config\\db.js","statementMap":{"0":{"start":{"line":1,"column":17},"end":{"line":1,"column":36}},"1":{"start":{"line":2,"column":12},"end":{"line":2,"column":40}},"2":{"start":{"line":3,"column":0},"end":{"line":3,"column":37}},"3":{"start":{"line":5,"column":18},"end":{"line":13,"column":1}},"4":{"start":{"line":6,"column":2},"end":{"line":12,"column":3}},"5":{"start":{"line":7,"column":17},"end":{"line":7,"column":62}},"6":{"start":{"line":8,"column":4},"end":{"line":8,"column":62}},"7":{"start":{"line":10,"column":4},"end":{"line":10,"column":45}},"8":{"start":{"line":11,"column":4},"end":{"line":11,"column":20}},"9":{"start":{"line":15,"column":0},"end":{"line":15,"column":27}}},"fnMap":{"0":{"name":"(anonymous_0)","decl":{"start":{"line":5,"column":18},"end":{"line":5,"column":19}},"loc":{"start":{"line":5,"column":30},"end":{"line":13,"column":1}},"line":5}},"branchMap":{},"s":{"0":1,"1":1,"2":1,"3":1,"4":1,"5":1,"6":1,"7":0,"8":0,"9":1},"f":{"0":1},"b":{},"_coverageSchema":"1a1c01bbd47fc00a2c39e90264f33305004495a9","hash":"4fa091e5f10b796ac8bc10e83b3c01df4c965e23"}
,"C:\\Users\\Acer\\Documents\\work-immersion-system\\backend\\src\\config\\multer.js": {"path":"C:\\Users\\Acer\\Documents\\work-immersion-system\\backend\\src\\config\\multer.js","statementMap":{"0":{"start":{"line":1,"column":15},"end":{"line":1,"column":32}},"1":{"start":{"line":2,"column":13},"end":{"line":2,"column":28}},"2":{"start":{"line":3,"column":11},"end":{"line":3,"column":24}},"3":{"start":{"line":5,"column":22},"end":{"line":5,"column":72}},"4":{"start":{"line":6,"column":19},"end":{"line":6,"column":64}},"5":{"start":{"line":8,"column":0},"end":{"line":8,"column":49}},"6":{"start":{"line":9,"column":0},"end":{"line":9,"column":46}},"7":{"start":{"line":11,"column":26},"end":{"line":18,"column":2}},"8":{"start":{"line":12,"column":34},"end":{"line":12,"column":57}},"9":{"start":{"line":14,"column":22},"end":{"line":14,"column":53}},"10":{"start":{"line":15,"column":21},"end":{"line":15,"column":63}},"11":{"start":{"line":16,"column":4},"end":{"line":16,"column":23}},"12":{"start":{"line":20,"column":22},"end":{"line":27,"column":2}},"13":{"start":{"line":21,"column":34},"end":{"line":21,"column":54}},"14":{"start":{"line":23,"column":22},"end":{"line":23,"column":53}},"15":{"start":{"line":24,"column":21},"end":{"line":24,"column":63}},"16":{"start":{"line":25,"column":4},"end":{"line":25,"column":23}},"17":{"start":{"line":29,"column":20},"end":{"line":36,"column":1}},"18":{"start":{"line":30,"column":27},"end":{"line":30,"column":94}},"19":{"start":{"line":31,"column":2},"end":{"line":35,"column":3}},"20":{"start":{"line":32,"column":4},"end":{"line":32,"column":19}},"21":{"start":{"line":34,"column":4},"end":{"line":34,"column":57}},"22":{"start":{"line":38,"column":23},"end":{"line":49,"column":1}},"23":{"start":{"line":39,"column":27},"end":{"line":43,"column":3}},"24":{"start":{"line":44,"column":2},"end":{"line":48,"column":3}},"25":{"start":{"line":45,"column":4},"end":{"line":45,"column":19}},"26":{"start":{"line":47,"column":4},"end":{"line":47,"column":68}},"27":{"start":{"line":51,"column":25},"end":{"line":55,"column":2}},"28":{"start":{"line":57,"column":21},"end":{"line":61,"column":2}},"29":{"start":{"line":63,"column":0},"end":{"line":66,"column":2}}},"fnMap":{"0":{"name":"(anonymous_0)","decl":{"start":{"line":12,"column":15},"end":{"line":12,"column":16}},"loc":{"start":{"line":12,"column":34},"end":{"line":12,"column":57}},"line":12},"1":{"name":"(anonymous_1)","decl":{"start":{"line":13,"column":12},"end":{"line":13,"column":13}},"loc":{"start":{"line":13,"column":31},"end":{"line":17,"column":3}},"line":13},"2":{"name":"(anonymous_2)","decl":{"start":{"line":21,"column":15},"end":{"line":21,"column":16}},"loc":{"start":{"line":21,"column":34},"end":{"line":21,"column":54}},"line":21},"3":{"name":"(anonymous_3)","decl":{"start":{"line":22,"column":12},"end":{"line":22,"column":13}},"loc":{"start":{"line":22,"column":31},"end":{"line":26,"column":3}},"line":22},"4":{"name":"(anonymous_4)","decl":{"start":{"line":29,"column":20},"end":{"line":29,"column":21}},"loc":{"start":{"line":29,"column":39},"end":{"line":36,"column":1}},"line":29},"5":{"name":"(anonymous_5)","decl":{"start":{"line":38,"column":23},"end":{"line":38,"column":24}},"loc":{"start":{"line":38,"column":42},"end":{"line":49,"column":1}},"line":38}},"branchMap":{"0":{"loc":{"start":{"line":31,"column":2},"end":{"line":35,"column":3}},"type":"if","locations":[{"start":{"line":31,"column":2},"end":{"line":35,"column":3}},{"start":{"line":33,"column":9},"end":{"line":35,"column":3}}],"line":31},"1":{"loc":{"start":{"line":44,"column":2},"end":{"line":48,"column":3}},"type":"if","locations":[{"start":{"line":44,"column":2},"end":{"line":48,"column":3}},{"start":{"line":46,"column":9},"end":{"line":48,"column":3}}],"line":44}},"s":{"0":1,"1":1,"2":1,"3":1,"4":1,"5":1,"6":1,"7":1,"8":0,"9":0,"10":0,"11":0,"12":1,"13":0,"14":0,"15":0,"16":0,"17":1,"18":0,"19":0,"20":0,"21":0,"22":1,"23":0,"24":0,"25":0,"26":0,"27":1,"28":1,"29":1},"f":{"0":0,"1":0,"2":0,"3":0,"4":0,"5":0},"b":{"0":[0,0],"1":[0,0]},"_coverageSchema":"1a1c01bbd47fc00a2c39e90264f33305004495a9","hash":"e4fdb6100788ce4ef172f97f6944bfa717f0bb59"}
,"C:\\Users\\Acer\\Documents\\work-immersion-system\\backend\\src\\controllers\\adminController.js": {"path":"C:\\Users\\Acer\\Documents\\work-immersion-system\\backend\\src\\controllers\\adminController.js","statementMap":{"0":{"start":{"line":1,"column":13},"end":{"line":1,"column":38}},"1":{"start":{"line":2,"column":15},"end":{"line":2,"column":34}},"2":{"start":{"line":4,"column":23},"end":{"line":7,"column":1}},"3":{"start":{"line":5,"column":19},"end":{"line":5,"column":75}},"4":{"start":{"line":6,"column":2},"end":{"line":6,"column":21}},"5":{"start":{"line":9,"column":23},"end":{"line":12,"column":1}},"6":{"start":{"line":10,"column":19},"end":{"line":10,"column":75}},"7":{"start":{"line":11,"column":2},"end":{"line":11,"column":21}},"8":{"start":{"line":14,"column":20},"end":{"line":17,"column":1}},"9":{"start":{"line":15,"column":16},"end":{"line":15,"column":53}},"10":{"start":{"line":16,"column":2},"end":{"line":16,"column":18}},"11":{"start":{"line":19,"column":23},"end":{"line":25,"column":1}},"12":{"start":{"line":20,"column":18},"end":{"line":20,"column":72}},"13":{"start":{"line":21,"column":2},"end":{"line":23,"column":3}},"14":{"start":{"line":22,"column":4},"end":{"line":22,"column":64}},"15":{"start":{"line":24,"column":2},"end":{"line":24,"column":20}},"16":{"start":{"line":27,"column":23},"end":{"line":33,"column":1}},"17":{"start":{"line":28,"column":18},"end":{"line":28,"column":72}},"18":{"start":{"line":29,"column":2},"end":{"line":31,"column":3}},"19":{"start":{"line":30,"column":4},"end":{"line":30,"column":64}},"20":{"start":{"line":32,"column":2},"end":{"line":32,"column":20}},"21":{"start":{"line":35,"column":20},"end":{"line":41,"column":1}},"22":{"start":{"line":36,"column":15},"end":{"line":36,"column":69}},"23":{"start":{"line":37,"column":2},"end":{"line":39,"column":3}},"24":{"start":{"line":38,"column":4},"end":{"line":38,"column":61}},"25":{"start":{"line":40,"column":2},"end":{"line":40,"column":17}},"26":{"start":{"line":43,"column":22},"end":{"line":56,"column":1}},"27":{"start":{"line":44,"column":18},"end":{"line":44,"column":52}},"28":{"start":{"line":46,"column":2},"end":{"line":46,"column":106}},"29":{"start":{"line":46,"column":46},"end":{"line":46,"column":106}},"30":{"start":{"line":48,"column":2},"end":{"line":48,"column":35}},"31":{"start":{"line":50,"column":2},"end":{"line":52,"column":3}},"32":{"start":{"line":51,"column":4},"end":{"line":51,"column":64}},"33":{"start":{"line":54,"column":2},"end":{"line":54,"column":23}},"34":{"start":{"line":55,"column":2},"end":{"line":55,"column":43}},"35":{"start":{"line":58,"column":22},"end":{"line":71,"column":1}},"36":{"start":{"line":59,"column":18},"end":{"line":59,"column":52}},"37":{"start":{"line":61,"column":2},"end":{"line":61,"column":106}},"38":{"start":{"line":61,"column":46},"end":{"line":61,"column":106}},"39":{"start":{"line":63,"column":2},"end":{"line":63,"column":35}},"40":{"start":{"line":65,"column":2},"end":{"line":67,"column":3}},"41":{"start":{"line":66,"column":4},"end":{"line":66,"column":64}},"42":{"start":{"line":69,"column":2},"end":{"line":69,"column":23}},"43":{"start":{"line":70,"column":2},"end":{"line":70,"column":43}},"44":{"start":{"line":73,"column":19},"end":{"line":86,"column":1}},"45":{"start":{"line":74,"column":15},"end":{"line":74,"column":49}},"46":{"start":{"line":76,"column":2},"end":{"line":76,"column":70}},"47":{"start":{"line":76,"column":13},"end":{"line":76,"column":70}},"48":{"start":{"line":78,"column":2},"end":{"line":78,"column":32}},"49":{"start":{"line":80,"column":2},"end":{"line":82,"column":3}},"50":{"start":{"line":81,"column":4},"end":{"line":81,"column":61}},"51":{"start":{"line":84,"column":2},"end":{"line":84,"column":20}},"52":{"start":{"line":85,"column":2},"end":{"line":85,"column":40}},"53":{"start":{"line":88,"column":22},"end":{"line":95,"column":1}},"54":{"start":{"line":89,"column":18},"end":{"line":89,"column":52}},"55":{"start":{"line":90,"column":2},"end":{"line":92,"column":3}},"56":{"start":{"line":91,"column":4},"end":{"line":91,"column":64}},"57":{"start":{"line":93,"column":2},"end":{"line":93,"column":46}},"58":{"start":{"line":94,"column":2},"end":{"line":94,"column":43}},"59":{"start":{"line":97,"column":22},"end":{"line":104,"column":1}},"60":{"start":{"line":98,"column":18},"end":{"line":98,"column":52}},"61":{"start":{"line":99,"column":2},"end":{"line":101,"column":3}},"62":{"start":{"line":100,"column":4},"end":{"line":100,"column":64}},"63":{"start":{"line":102,"column":2},"end":{"line":102,"column":46}},"64":{"start":{"line":103,"column":2},"end":{"line":103,"column":43}},"65":{"start":{"line":106,"column":19},"end":{"line":113,"column":1}},"66":{"start":{"line":107,"column":15},"end":{"line":107,"column":49}},"67":{"start":{"line":108,"column":2},"end":{"line":110,"column":3}},"68":{"start":{"line":109,"column":4},"end":{"line":109,"column":61}},"69":{"start":{"line":111,"column":2},"end":{"line":111,"column":46}},"70":{"start":{"line":112,"column":2},"end":{"line":112,"column":40}},"71":{"start":{"line":115,"column":23},"end":{"line":128,"column":1}},"72":{"start":{"line":116,"column":17},"end":{"line":116,"column":39}},"73":{"start":{"line":118,"column":19},"end":{"line":125,"column":24}},"74":{"start":{"line":127,"column":2},"end":{"line":127,"column":21}},"75":{"start":{"line":130,"column":23},"end":{"line":143,"column":1}},"76":{"start":{"line":131,"column":17},"end":{"line":131,"column":39}},"77":{"start":{"line":133,"column":19},"end":{"line":140,"column":24}},"78":{"start":{"line":142,"column":2},"end":{"line":142,"column":21}},"79":{"start":{"line":145,"column":20},"end":{"line":164,"column":1}},"80":{"start":{"line":146,"column":17},"end":{"line":146,"column":39}},"81":{"start":{"line":147,"column":15},"end":{"line":147,"column":29}},"82":{"start":{"line":149,"column":15},"end":{"line":156,"column":3}},"83":{"start":{"line":158,"column":2},"end":{"line":160,"column":3}},"84":{"start":{"line":159,"column":4},"end":{"line":159,"column":23}},"85":{"start":{"line":162,"column":16},"end":{"line":162,"column":59}},"86":{"start":{"line":163,"column":2},"end":{"line":163,"column":18}},"87":{"start":{"line":166,"column":19},"end":{"line":166,"column":50}},"88":{"start":{"line":167,"column":16},"end":{"line":167,"column":54}},"89":{"start":{"line":169,"column":29},"end":{"line":208,"column":1}},"90":{"start":{"line":170,"column":2},"end":{"line":207,"column":3}},"91":{"start":{"line":171,"column":57},"end":{"line":171,"column":66}},"92":{"start":{"line":173,"column":17},"end":{"line":173,"column":19}},"93":{"start":{"line":175,"column":4},"end":{"line":180,"column":5}},"94":{"start":{"line":176,"column":6},"end":{"line":179,"column":8}},"95":{"start":{"line":182,"column":4},"end":{"line":184,"column":5}},"96":{"start":{"line":183,"column":6},"end":{"line":183,"column":33}},"97":{"start":{"line":186,"column":4},"end":{"line":191,"column":5}},"98":{"start":{"line":188,"column":30},"end":{"line":188,"column":88}},"99":{"start":{"line":189,"column":25},"end":{"line":189,"column":56}},"100":{"start":{"line":189,"column":50},"end":{"line":189,"column":55}},"101":{"start":{"line":190,"column":6},"end":{"line":190,"column":43}},"102":{"start":{"line":193,"column":23},"end":{"line":202,"column":40}},"103":{"start":{"line":204,"column":4},"end":{"line":204,"column":25}},"104":{"start":{"line":206,"column":4},"end":{"line":206,"column":51}},"105":{"start":{"line":210,"column":29},"end":{"line":255,"column":1}},"106":{"start":{"line":211,"column":2},"end":{"line":254,"column":3}},"107":{"start":{"line":212,"column":35},"end":{"line":212,"column":44}},"108":{"start":{"line":214,"column":21},"end":{"line":214,"column":23}},"109":{"start":{"line":215,"column":4},"end":{"line":220,"column":5}},"110":{"start":{"line":216,"column":6},"end":{"line":219,"column":8}},"111":{"start":{"line":222,"column":23},"end":{"line":224,"column":34}},"112":{"start":{"line":227,"column":20},"end":{"line":249,"column":5}},"113":{"start":{"line":229,"column":43},"end":{"line":229,"column":51}},"114":{"start":{"line":230,"column":42},"end":{"line":230,"column":51}},"115":{"start":{"line":232,"column":8},"end":{"line":232,"column":36}},"116":{"start":{"line":232,"column":23},"end":{"line":232,"column":36}},"117":{"start":{"line":233,"column":29},"end":{"line":233,"column":74}},"118":{"start":{"line":234,"column":23},"end":{"line":234,"column":41}},"119":{"start":{"line":235,"column":28},"end":{"line":235,"column":65}},"120":{"start":{"line":236,"column":8},"end":{"line":236,"column":33}},"121":{"start":{"line":239,"column":8},"end":{"line":239,"column":36}},"122":{"start":{"line":239,"column":23},"end":{"line":239,"column":36}},"123":{"start":{"line":240,"column":29},"end":{"line":240,"column":74}},"124":{"start":{"line":241,"column":23},"end":{"line":241,"column":41}},"125":{"start":{"line":242,"column":28},"end":{"line":242,"column":65}},"126":{"start":{"line":243,"column":8},"end":{"line":243,"column":32}},"127":{"start":{"line":246,"column":35},"end":{"line":246,"column":59}},"128":{"start":{"line":247,"column":35},"end":{"line":247,"column":59}},"129":{"start":{"line":251,"column":4},"end":{"line":251,"column":22}},"130":{"start":{"line":253,"column":4},"end":{"line":253,"column":51}},"131":{"start":{"line":257,"column":0},"end":{"line":275,"column":2}}},"fnMap":{"0":{"name":"(anonymous_0)","decl":{"start":{"line":4,"column":23},"end":{"line":4,"column":24}},"loc":{"start":{"line":4,"column":43},"end":{"line":7,"column":1}},"line":4},"1":{"name":"(anonymous_1)","decl":{"start":{"line":9,"column":23},"end":{"line":9,"column":24}},"loc":{"start":{"line":9,"column":43},"end":{"line":12,"column":1}},"line":9},"2":{"name":"(anonymous_2)","decl":{"start":{"line":14,"column":20},"end":{"line":14,"column":21}},"loc":{"start":{"line":14,"column":40},"end":{"line":17,"column":1}},"line":14},"3":{"name":"(anonymous_3)","decl":{"start":{"line":19,"column":23},"end":{"line":19,"column":24}},"loc":{"start":{"line":19,"column":43},"end":{"line":25,"column":1}},"line":19},"4":{"name":"(anonymous_4)","decl":{"start":{"line":27,"column":23},"end":{"line":27,"column":24}},"loc":{"start":{"line":27,"column":43},"end":{"line":33,"column":1}},"line":27},"5":{"name":"(anonymous_5)","decl":{"start":{"line":35,"column":20},"end":{"line":35,"column":21}},"loc":{"start":{"line":35,"column":40},"end":{"line":41,"column":1}},"line":35},"6":{"name":"(anonymous_6)","decl":{"start":{"line":43,"column":22},"end":{"line":43,"column":23}},"loc":{"start":{"line":43,"column":42},"end":{"line":56,"column":1}},"line":43},"7":{"name":"(anonymous_7)","decl":{"start":{"line":58,"column":22},"end":{"line":58,"column":23}},"loc":{"start":{"line":58,"column":42},"end":{"line":71,"column":1}},"line":58},"8":{"name":"(anonymous_8)","decl":{"start":{"line":73,"column":19},"end":{"line":73,"column":20}},"loc":{"start":{"line":73,"column":39},"end":{"line":86,"column":1}},"line":73},"9":{"name":"(anonymous_9)","decl":{"start":{"line":88,"column":22},"end":{"line":88,"column":23}},"loc":{"start":{"line":88,"column":42},"end":{"line":95,"column":1}},"line":88},"10":{"name":"(anonymous_10)","decl":{"start":{"line":97,"column":22},"end":{"line":97,"column":23}},"loc":{"start":{"line":97,"column":42},"end":{"line":104,"column":1}},"line":97},"11":{"name":"(anonymous_11)","decl":{"start":{"line":106,"column":19},"end":{"line":106,"column":20}},"loc":{"start":{"line":106,"column":39},"end":{"line":113,"column":1}},"line":106},"12":{"name":"(anonymous_12)","decl":{"start":{"line":115,"column":23},"end":{"line":115,"column":24}},"loc":{"start":{"line":115,"column":43},"end":{"line":128,"column":1}},"line":115},"13":{"name":"(anonymous_13)","decl":{"start":{"line":130,"column":23},"end":{"line":130,"column":24}},"loc":{"start":{"line":130,"column":43},"end":{"line":143,"column":1}},"line":130},"14":{"name":"(anonymous_14)","decl":{"start":{"line":145,"column":20},"end":{"line":145,"column":21}},"loc":{"start":{"line":145,"column":40},"end":{"line":164,"column":1}},"line":145},"15":{"name":"(anonymous_15)","decl":{"start":{"line":169,"column":29},"end":{"line":169,"column":30}},"loc":{"start":{"line":169,"column":49},"end":{"line":208,"column":1}},"line":169},"16":{"name":"(anonymous_16)","decl":{"start":{"line":189,"column":45},"end":{"line":189,"column":46}},"loc":{"start":{"line":189,"column":50},"end":{"line":189,"column":55}},"line":189},"17":{"name":"(anonymous_17)","decl":{"start":{"line":210,"column":29},"end":{"line":210,"column":30}},"loc":{"start":{"line":210,"column":49},"end":{"line":255,"column":1}},"line":210},"18":{"name":"(anonymous_18)","decl":{"start":{"line":229,"column":38},"end":{"line":229,"column":39}},"loc":{"start":{"line":229,"column":43},"end":{"line":229,"column":51}},"line":229},"19":{"name":"(anonymous_19)","decl":{"start":{"line":230,"column":37},"end":{"line":230,"column":38}},"loc":{"start":{"line":230,"column":42},"end":{"line":230,"column":51}},"line":230},"20":{"name":"(anonymous_20)","decl":{"start":{"line":231,"column":37},"end":{"line":231,"column":38}},"loc":{"start":{"line":231,"column":42},"end":{"line":237,"column":7}},"line":231},"21":{"name":"(anonymous_21)","decl":{"start":{"line":238,"column":35},"end":{"line":238,"column":36}},"loc":{"start":{"line":238,"column":40},"end":{"line":244,"column":7}},"line":238},"22":{"name":"(anonymous_22)","decl":{"start":{"line":246,"column":30},"end":{"line":246,"column":31}},"loc":{"start":{"line":246,"column":35},"end":{"line":246,"column":59}},"line":246},"23":{"name":"(anonymous_23)","decl":{"start":{"line":247,"column":30},"end":{"line":247,"column":31}},"loc":{"start":{"line":247,"column":35},"end":{"line":247,"column":59}},"line":247}},"branchMap":{"0":{"loc":{"start":{"line":21,"column":2},"end":{"line":23,"column":3}},"type":"if","locations":[{"start":{"line":21,"column":2},"end":{"line":23,"column":3}},{"start":{},"end":{}}],"line":21},"1":{"loc":{"start":{"line":21,"column":6},"end":{"line":21,"column":44}},"type":"binary-expr","locations":[{"start":{"line":21,"column":6},"end":{"line":21,"column":14}},{"start":{"line":21,"column":18},"end":{"line":21,"column":44}}],"line":21},"2":{"loc":{"start":{"line":29,"column":2},"end":{"line":31,"column":3}},"type":"if","locations":[{"start":{"line":29,"column":2},"end":{"line":31,"column":3}},{"start":{},"end":{}}],"line":29},"3":{"loc":{"start":{"line":29,"column":6},"end":{"line":29,"column":44}},"type":"binary-expr","locations":[{"start":{"line":29,"column":6},"end":{"line":29,"column":14}},{"start":{"line":29,"column":18},"end":{"line":29,"column":44}}],"line":29},"4":{"loc":{"start":{"line":37,"column":2},"end":{"line":39,"column":3}},"type":"if","locations":[{"start":{"line":37,"column":2},"end":{"line":39,"column":3}},{"start":{},"end":{}}],"line":37},"5":{"loc":{"start":{"line":46,"column":2},"end":{"line":46,"column":106}},"type":"if","locations":[{"start":{"line":46,"column":2},"end":{"line":46,"column":106}},{"start":{},"end":{}}],"line":46},"6":{"loc":{"start":{"line":46,"column":6},"end":{"line":46,"column":44}},"type":"binary-expr","locations":[{"start":{"line":46,"column":6},"end":{"line":46,"column":14}},{"start":{"line":46,"column":18},"end":{"line":46,"column":44}}],"line":46},"7":{"loc":{"start":{"line":50,"column":2},"end":{"line":52,"column":3}},"type":"if","locations":[{"start":{"line":50,"column":2},"end":{"line":52,"column":3}},{"start":{},"end":{}}],"line":50},"8":{"loc":{"start":{"line":61,"column":2},"end":{"line":61,"column":106}},"type":"if","locations":[{"start":{"line":61,"column":2},"end":{"line":61,"column":106}},{"start":{},"end":{}}],"line":61},"9":{"loc":{"start":{"line":61,"column":6},"end":{"line":61,"column":44}},"type":"binary-expr","locations":[{"start":{"line":61,"column":6},"end":{"line":61,"column":14}},{"start":{"line":61,"column":18},"end":{"line":61,"column":44}}],"line":61},"10":{"loc":{"start":{"line":65,"column":2},"end":{"line":67,"column":3}},"type":"if","locations":[{"start":{"line":65,"column":2},"end":{"line":67,"column":3}},{"start":{},"end":{}}],"line":65},"11":{"loc":{"start":{"line":76,"column":2},"end":{"line":76,"column":70}},"type":"if","locations":[{"start":{"line":76,"column":2},"end":{"line":76,"column":70}},{"start":{},"end":{}}],"line":76},"12":{"loc":{"start":{"line":80,"column":2},"end":{"line":82,"column":3}},"type":"if","locations":[{"start":{"line":80,"column":2},"end":{"line":82,"column":3}},{"start":{},"end":{}}],"line":80},"13":{"loc":{"start":{"line":90,"column":2},"end":{"line":92,"column":3}},"type":"if","locations":[{"start":{"line":90,"column":2},"end":{"line":92,"column":3}},{"start":{},"end":{}}],"line":90},"14":{"loc":{"start":{"line":90,"column":6},"end":{"line":90,"column":44}},"type":"binary-expr","locations":[{"start":{"line":90,"column":6},"end":{"line":90,"column":14}},{"start":{"line":90,"column":18},"end":{"line":90,"column":44}}],"line":90},"15":{"loc":{"start":{"line":99,"column":2},"end":{"line":101,"column":3}},"type":"if","locations":[{"start":{"line":99,"column":2},"end":{"line":101,"column":3}},{"start":{},"end":{}}],"line":99},"16":{"loc":{"start":{"line":99,"column":6},"end":{"line":99,"column":44}},"type":"binary-expr","locations":[{"start":{"line":99,"column":6},"end":{"line":99,"column":14}},{"start":{"line":99,"column":18},"end":{"line":99,"column":44}}],"line":99},"17":{"loc":{"start":{"line":108,"column":2},"end":{"line":110,"column":3}},"type":"if","locations":[{"start":{"line":108,"column":2},"end":{"line":110,"column":3}},{"start":{},"end":{}}],"line":108},"18":{"loc":{"start":{"line":116,"column":17},"end":{"line":116,"column":39}},"type":"binary-expr","locations":[{"start":{"line":116,"column":17},"end":{"line":116,"column":33}},{"start":{"line":116,"column":37},"end":{"line":116,"column":39}}],"line":116},"19":{"loc":{"start":{"line":131,"column":17},"end":{"line":131,"column":39}},"type":"binary-expr","locations":[{"start":{"line":131,"column":17},"end":{"line":131,"column":33}},{"start":{"line":131,"column":37},"end":{"line":131,"column":39}}],"line":131},"20":{"loc":{"start":{"line":146,"column":17},"end":{"line":146,"column":39}},"type":"binary-expr","locations":[{"start":{"line":146,"column":17},"end":{"line":146,"column":33}},{"start":{"line":146,"column":37},"end":{"line":146,"column":39}}],"line":146},"21":{"loc":{"start":{"line":158,"column":2},"end":{"line":160,"column":3}},"type":"if","locations":[{"start":{"line":158,"column":2},"end":{"line":160,"column":3}},{"start":{},"end":{}}],"line":158},"22":{"loc":{"start":{"line":175,"column":4},"end":{"line":180,"column":5}},"type":"if","locations":[{"start":{"line":175,"column":4},"end":{"line":180,"column":5}},{"start":{},"end":{}}],"line":175},"23":{"loc":{"start":{"line":175,"column":8},"end":{"line":175,"column":28}},"type":"binary-expr","locations":[{"start":{"line":175,"column":8},"end":{"line":175,"column":17}},{"start":{"line":175,"column":21},"end":{"line":175,"column":28}}],"line":175},"24":{"loc":{"start":{"line":182,"column":4},"end":{"line":184,"column":5}},"type":"if","locations":[{"start":{"line":182,"column":4},"end":{"line":184,"column":5}},{"start":{},"end":{}}],"line":182},"25":{"loc":{"start":{"line":186,"column":4},"end":{"line":191,"column":5}},"type":"if","locations":[{"start":{"line":186,"column":4},"end":{"line":191,"column":5}},{"start":{},"end":{}}],"line":186},"26":{"loc":{"start":{"line":215,"column":4},"end":{"line":220,"column":5}},"type":"if","locations":[{"start":{"line":215,"column":4},"end":{"line":220,"column":5}},{"start":{},"end":{}}],"line":215},"27":{"loc":{"start":{"line":215,"column":8},"end":{"line":215,"column":28}},"type":"binary-expr","locations":[{"start":{"line":215,"column":8},"end":{"line":215,"column":17}},{"start":{"line":215,"column":21},"end":{"line":215,"column":28}}],"line":215},"28":{"loc":{"start":{"line":232,"column":8},"end":{"line":232,"column":36}},"type":"if","locations":[{"start":{"line":232,"column":8},"end":{"line":232,"column":36}},{"start":{},"end":{}}],"line":232},"29":{"loc":{"start":{"line":233,"column":38},"end":{"line":233,"column":73}},"type":"binary-expr","locations":[{"start":{"line":233,"column":38},"end":{"line":233,"column":58}},{"start":{"line":233,"column":62},"end":{"line":233,"column":73}}],"line":233},"30":{"loc":{"start":{"line":239,"column":8},"end":{"line":239,"column":36}},"type":"if","locations":[{"start":{"line":239,"column":8},"end":{"line":239,"column":36}},{"start":{},"end":{}}],"line":239},"31":{"loc":{"start":{"line":240,"column":38},"end":{"line":240,"column":73}},"type":"binary-expr","locations":[{"start":{"line":240,"column":38},"end":{"line":240,"column":58}},{"start":{"line":240,"column":62},"end":{"line":240,"column":73}}],"line":240}},"s":{"0":1,"1":1,"2":1,"3":1,"4":1,"5":1,"6":1,"7":1,"8":1,"9":1,"10":1,"11":1,"12":0,"13":0,"14":0,"15":0,"16":1,"17":0,"18":0,"19":0,"20":0,"21":1,"22":0,"23":0,"24":0,"25":0,"26":1,"27":0,"28":0,"29":0,"30":0,"31":0,"32":0,"33":0,"34":0,"35":1,"36":0,"37":0,"38":0,"39":0,"40":0,"41":0,"42":0,"43":0,"44":1,"45":0,"46":0,"47":0,"48":0,"49":0,"50":0,"51":0,"52":0,"53":1,"54":0,"55":0,"56":0,"57":0,"58":0,"59":1,"60":0,"61":0,"62":0,"63":0,"64":0,"65":1,"66":0,"67":0,"68":0,"69":0,"70":0,"71":1,"72":0,"73":0,"74":0,"75":1,"76":0,"77":0,"78":0,"79":1,"80":0,"81":0,"82":0,"83":0,"84":0,"85":0,"86":0,"87":1,"88":1,"89":1,"90":1,"91":1,"92":1,"93":1,"94":0,"95":1,"96":0,"97":1,"98":0,"99":0,"100":0,"101":0,"102":1,"103":0,"104":1,"105":1,"106":0,"107":0,"108":0,"109":0,"110":0,"111":0,"112":0,"113":0,"114":0,"115":0,"116":0,"117":0,"118":0,"119":0,"120":0,"121":0,"122":0,"123":0,"124":0,"125":0,"126":0,"127":0,"128":0,"129":0,"130":0,"131":1},"f":{"0":1,"1":1,"2":1,"3":0,"4":0,"5":0,"6":0,"7":0,"8":0,"9":0,"10":0,"11":0,"12":0,"13":0,"14":0,"15":1,"16":0,"17":0,"18":0,"19":0,"20":0,"21":0,"22":0,"23":0},"b":{"0":[0,0],"1":[0,0],"2":[0,0],"3":[0,0],"4":[0,0],"5":[0,0],"6":[0,0],"7":[0,0],"8":[0,0],"9":[0,0],"10":[0,0],"11":[0,0],"12":[0,0],"13":[0,0],"14":[0,0],"15":[0,0],"16":[0,0],"17":[0,0],"18":[0,0],"19":[0,0],"20":[0,0],"21":[0,0],"22":[0,1],"23":[1,0],"24":[0,1],"25":[0,1],"26":[0,0],"27":[0,0],"28":[0,0],"29":[0,0],"30":[0,0],"31":[0,0]},"_coverageSchema":"1a1c01bbd47fc00a2c39e90264f33305004495a9","hash":"76de7562d02eafcda55b11bb4fe9189da48e1b50"}
,"C:\\Users\\Acer\\Documents\\work-immersion-system\\backend\\src\\controllers\\attendanceController.js": {"path":"C:\\Users\\Acer\\Documents\\work-immersion-system\\backend\\src\\controllers\\attendanceController.js","statementMap":{"0":{"start":{"line":1,"column":19},"end":{"line":1,"column":50}},"1":{"start":{"line":2,"column":16},"end":{"line":2,"column":54}},"2":{"start":{"line":3,"column":13},"end":{"line":3,"column":38}},"3":{"start":{"line":6,"column":26},"end":{"line":38,"column":1}},"4":{"start":{"line":7,"column":2},"end":{"line":37,"column":3}},"5":{"start":{"line":8,"column":22},"end":{"line":8,"column":33}},"6":{"start":{"line":11,"column":26},"end":{"line":14,"column":6}},"7":{"start":{"line":16,"column":4},"end":{"line":20,"column":5}},"8":{"start":{"line":17,"column":6},"end":{"line":19,"column":9}},"9":{"start":{"line":23,"column":20},"end":{"line":29,"column":6}},"10":{"start":{"line":31,"column":4},"end":{"line":34,"column":7}},"11":{"start":{"line":36,"column":4},"end":{"line":36,"column":51}},"12":{"start":{"line":41,"column":26},"end":{"line":73,"column":1}},"13":{"start":{"line":42,"column":2},"end":{"line":72,"column":3}},"14":{"start":{"line":43,"column":22},"end":{"line":43,"column":33}},"15":{"start":{"line":46,"column":26},"end":{"line":49,"column":6}},"16":{"start":{"line":51,"column":4},"end":{"line":55,"column":5}},"17":{"start":{"line":52,"column":6},"end":{"line":54,"column":9}},"18":{"start":{"line":58,"column":20},"end":{"line":64,"column":6}},"19":{"start":{"line":66,"column":4},"end":{"line":69,"column":7}},"20":{"start":{"line":71,"column":4},"end":{"line":71,"column":51}},"21":{"start":{"line":76,"column":24},"end":{"line":119,"column":1}},"22":{"start":{"line":77,"column":2},"end":{"line":118,"column":3}},"23":{"start":{"line":78,"column":22},"end":{"line":78,"column":33}},"24":{"start":{"line":80,"column":26},"end":{"line":83,"column":6}},"25":{"start":{"line":85,"column":4},"end":{"line":87,"column":5}},"26":{"start":{"line":86,"column":6},"end":{"line":86,"column":83}},"27":{"start":{"line":90,"column":21},"end":{"line":90,"column":57}},"28":{"start":{"line":91,"column":18},"end":{"line":91,"column":28}},"29":{"start":{"line":92,"column":4},"end":{"line":92,"column":31}},"30":{"start":{"line":94,"column":4},"end":{"line":108,"column":5}},"31":{"start":{"line":95,"column":33},"end":{"line":99,"column":8}},"32":{"start":{"line":101,"column":6},"end":{"line":107,"column":7}},"33":{"start":{"line":102,"column":8},"end":{"line":106,"column":11}},"34":{"start":{"line":111,"column":4},"end":{"line":111,"column":36}},"35":{"start":{"line":112,"column":4},"end":{"line":112,"column":39}},"36":{"start":{"line":113,"column":4},"end":{"line":113,"column":31}},"37":{"start":{"line":115,"column":4},"end":{"line":115,"column":68}},"38":{"start":{"line":117,"column":4},"end":{"line":117,"column":51}},"39":{"start":{"line":122,"column":25},"end":{"line":139,"column":1}},"40":{"start":{"line":123,"column":2},"end":{"line":138,"column":3}},"41":{"start":{"line":124,"column":26},"end":{"line":126,"column":30}},"42":{"start":{"line":128,"column":4},"end":{"line":130,"column":5}},"43":{"start":{"line":129,"column":6},"end":{"line":129,"column":66}},"44":{"start":{"line":132,"column":4},"end":{"line":135,"column":7}},"45":{"start":{"line":137,"column":4},"end":{"line":137,"column":51}},"46":{"start":{"line":142,"column":22},"end":{"line":185,"column":1}},"47":{"start":{"line":143,"column":2},"end":{"line":184,"column":3}},"48":{"start":{"line":144,"column":22},"end":{"line":144,"column":33}},"49":{"start":{"line":147,"column":26},"end":{"line":150,"column":6}},"50":{"start":{"line":152,"column":4},"end":{"line":154,"column":5}},"51":{"start":{"line":153,"column":6},"end":{"line":153,"column":80}},"52":{"start":{"line":157,"column":18},"end":{"line":157,"column":28}},"53":{"start":{"line":158,"column":4},"end":{"line":158,"column":31}},"54":{"start":{"line":160,"column":31},"end":{"line":164,"column":6}},"55":{"start":{"line":166,"column":4},"end":{"line":168,"column":5}},"56":{"start":{"line":167,"column":6},"end":{"line":167,"column":104}},"57":{"start":{"line":171,"column":23},"end":{"line":176,"column":6}},"58":{"start":{"line":178,"column":4},"end":{"line":181,"column":7}},"59":{"start":{"line":183,"column":4},"end":{"line":183,"column":51}},"60":{"start":{"line":188,"column":23},"end":{"line":231,"column":1}},"61":{"start":{"line":189,"column":2},"end":{"line":230,"column":3}},"62":{"start":{"line":190,"column":22},"end":{"line":190,"column":33}},"63":{"start":{"line":193,"column":26},"end":{"line":196,"column":6}},"64":{"start":{"line":198,"column":4},"end":{"line":200,"column":5}},"65":{"start":{"line":199,"column":6},"end":{"line":199,"column":80}},"66":{"start":{"line":203,"column":18},"end":{"line":203,"column":28}},"67":{"start":{"line":204,"column":4},"end":{"line":204,"column":31}},"68":{"start":{"line":206,"column":23},"end":{"line":210,"column":6}},"69":{"start":{"line":212,"column":4},"end":{"line":214,"column":5}},"70":{"start":{"line":213,"column":6},"end":{"line":213,"column":106}},"71":{"start":{"line":216,"column":4},"end":{"line":218,"column":5}},"72":{"start":{"line":217,"column":6},"end":{"line":217,"column":91}},"73":{"start":{"line":221,"column":4},"end":{"line":221,"column":36}},"74":{"start":{"line":222,"column":4},"end":{"line":222,"column":28}},"75":{"start":{"line":224,"column":4},"end":{"line":227,"column":7}},"76":{"start":{"line":229,"column":4},"end":{"line":229,"column":51}},"77":{"start":{"line":234,"column":29},"end":{"line":255,"column":1}},"78":{"start":{"line":235,"column":2},"end":{"line":254,"column":3}},"79":{"start":{"line":236,"column":22},"end":{"line":236,"column":33}},"80":{"start":{"line":237,"column":21},"end":{"line":237,"column":30}},"81":{"start":{"line":239,"column":16},"end":{"line":239,"column":38}},"82":{"start":{"line":240,"column":4},"end":{"line":246,"column":5}},"83":{"start":{"line":241,"column":24},"end":{"line":241,"column":38}},"84":{"start":{"line":242,"column":6},"end":{"line":242,"column":37}},"85":{"start":{"line":243,"column":22},"end":{"line":243,"column":41}},"86":{"start":{"line":244,"column":6},"end":{"line":244,"column":45}},"87":{"start":{"line":245,"column":6},"end":{"line":245,"column":53}},"88":{"start":{"line":248,"column":23},"end":{"line":249,"column":40}},"89":{"start":{"line":251,"column":4},"end":{"line":251,"column":29}},"90":{"start":{"line":253,"column":4},"end":{"line":253,"column":51}},"91":{"start":{"line":258,"column":29},"end":{"line":282,"column":1}},"92":{"start":{"line":259,"column":2},"end":{"line":281,"column":3}},"93":{"start":{"line":260,"column":32},"end":{"line":260,"column":41}},"94":{"start":{"line":262,"column":16},"end":{"line":262,"column":18}},"95":{"start":{"line":263,"column":4},"end":{"line":269,"column":5}},"96":{"start":{"line":264,"column":24},"end":{"line":264,"column":38}},"97":{"start":{"line":265,"column":6},"end":{"line":265,"column":37}},"98":{"start":{"line":266,"column":22},"end":{"line":266,"column":41}},"99":{"start":{"line":267,"column":6},"end":{"line":267,"column":45}},"100":{"start":{"line":268,"column":6},"end":{"line":268,"column":53}},"101":{"start":{"line":270,"column":4},"end":{"line":272,"column":5}},"102":{"start":{"line":271,"column":6},"end":{"line":271,"column":32}},"103":{"start":{"line":274,"column":23},"end":{"line":276,"column":40}},"104":{"start":{"line":278,"column":4},"end":{"line":278,"column":29}},"105":{"start":{"line":280,"column":4},"end":{"line":280,"column":51}},"106":{"start":{"line":284,"column":0},"end":{"line":293,"column":2}}},"fnMap":{"0":{"name":"(anonymous_0)","decl":{"start":{"line":6,"column":26},"end":{"line":6,"column":27}},"loc":{"start":{"line":6,"column":46},"end":{"line":38,"column":1}},"line":6},"1":{"name":"(anonymous_1)","decl":{"start":{"line":41,"column":26},"end":{"line":41,"column":27}},"loc":{"start":{"line":41,"column":46},"end":{"line":73,"column":1}},"line":41},"2":{"name":"(anonymous_2)","decl":{"start":{"line":76,"column":24},"end":{"line":76,"column":25}},"loc":{"start":{"line":76,"column":44},"end":{"line":119,"column":1}},"line":76},"3":{"name":"(anonymous_3)","decl":{"start":{"line":122,"column":25},"end":{"line":122,"column":26}},"loc":{"start":{"line":122,"column":45},"end":{"line":139,"column":1}},"line":122},"4":{"name":"(anonymous_4)","decl":{"start":{"line":142,"column":22},"end":{"line":142,"column":23}},"loc":{"start":{"line":142,"column":42},"end":{"line":185,"column":1}},"line":142},"5":{"name":"(anonymous_5)","decl":{"start":{"line":188,"column":23},"end":{"line":188,"column":24}},"loc":{"start":{"line":188,"column":43},"end":{"line":231,"column":1}},"line":188},"6":{"name":"(anonymous_6)","decl":{"start":{"line":234,"column":29},"end":{"line":234,"column":30}},"loc":{"start":{"line":234,"column":49},"end":{"line":255,"column":1}},"line":234},"7":{"name":"(anonymous_7)","decl":{"start":{"line":258,"column":29},"end":{"line":258,"column":30}},"loc":{"start":{"line":258,"column":49},"end":{"line":282,"column":1}},"line":258}},"branchMap":{"0":{"loc":{"start":{"line":16,"column":4},"end":{"line":20,"column":5}},"type":"if","locations":[{"start":{"line":16,"column":4},"end":{"line":20,"column":5}},{"start":{},"end":{}}],"line":16},"1":{"loc":{"start":{"line":51,"column":4},"end":{"line":55,"column":5}},"type":"if","locations":[{"start":{"line":51,"column":4},"end":{"line":55,"column":5}},{"start":{},"end":{}}],"line":51},"2":{"loc":{"start":{"line":85,"column":4},"end":{"line":87,"column":5}},"type":"if","locations":[{"start":{"line":85,"column":4},"end":{"line":87,"column":5}},{"start":{},"end":{}}],"line":85},"3":{"loc":{"start":{"line":101,"column":6},"end":{"line":107,"column":7}},"type":"if","locations":[{"start":{"line":101,"column":6},"end":{"line":107,"column":7}},{"start":{},"end":{}}],"line":101},"4":{"loc":{"start":{"line":128,"column":4},"end":{"line":130,"column":5}},"type":"if","locations":[{"start":{"line":128,"column":4},"end":{"line":130,"column":5}},{"start":{},"end":{}}],"line":128},"5":{"loc":{"start":{"line":152,"column":4},"end":{"line":154,"column":5}},"type":"if","locations":[{"start":{"line":152,"column":4},"end":{"line":154,"column":5}},{"start":{},"end":{}}],"line":152},"6":{"loc":{"start":{"line":166,"column":4},"end":{"line":168,"column":5}},"type":"if","locations":[{"start":{"line":166,"column":4},"end":{"line":168,"column":5}},{"start":{},"end":{}}],"line":166},"7":{"loc":{"start":{"line":198,"column":4},"end":{"line":200,"column":5}},"type":"if","locations":[{"start":{"line":198,"column":4},"end":{"line":200,"column":5}},{"start":{},"end":{}}],"line":198},"8":{"loc":{"start":{"line":212,"column":4},"end":{"line":214,"column":5}},"type":"if","locations":[{"start":{"line":212,"column":4},"end":{"line":214,"column":5}},{"start":{},"end":{}}],"line":212},"9":{"loc":{"start":{"line":216,"column":4},"end":{"line":218,"column":5}},"type":"if","locations":[{"start":{"line":216,"column":4},"end":{"line":218,"column":5}},{"start":{},"end":{}}],"line":216},"10":{"loc":{"start":{"line":240,"column":4},"end":{"line":246,"column":5}},"type":"if","locations":[{"start":{"line":240,"column":4},"end":{"line":246,"column":5}},{"start":{},"end":{}}],"line":240},"11":{"loc":{"start":{"line":263,"column":4},"end":{"line":269,"column":5}},"type":"if","locations":[{"start":{"line":263,"column":4},"end":{"line":269,"column":5}},{"start":{},"end":{}}],"line":263},"12":{"loc":{"start":{"line":270,"column":4},"end":{"line":272,"column":5}},"type":"if","locations":[{"start":{"line":270,"column":4},"end":{"line":272,"column":5}},{"start":{},"end":{}}],"line":270}},"s":{"0":1,"1":1,"2":1,"3":1,"4":0,"5":0,"6":0,"7":0,"8":0,"9":0,"10":0,"11":0,"12":1,"13":0,"14":0,"15":0,"16":0,"17":0,"18":0,"19":0,"20":0,"21":1,"22":0,"23":0,"24":0,"25":0,"26":0,"27":0,"28":0,"29":0,"30":0,"31":0,"32":0,"33":0,"34":0,"35":0,"36":0,"37":0,"38":0,"39":1,"40":0,"41":0,"42":0,"43":0,"44":0,"45":0,"46":1,"47":0,"48":0,"49":0,"50":0,"51":0,"52":0,"53":0,"54":0,"55":0,"56":0,"57":0,"58":0,"59":0,"60":1,"61":0,"62":0,"63":0,"64":0,"65":0,"66":0,"67":0,"68":0,"69":0,"70":0,"71":0,"72":0,"73":0,"74":0,"75":0,"76":0,"77":1,"78":0,"79":0,"80":0,"81":0,"82":0,"83":0,"84":0,"85":0,"86":0,"87":0,"88":0,"89":0,"90":0,"91":1,"92":0,"93":0,"94":0,"95":0,"96":0,"97":0,"98":0,"99":0,"100":0,"101":0,"102":0,"103":0,"104":0,"105":0,"106":1},"f":{"0":0,"1":0,"2":0,"3":0,"4":0,"5":0,"6":0,"7":0},"b":{"0":[0,0],"1":[0,0],"2":[0,0],"3":[0,0],"4":[0,0],"5":[0,0],"6":[0,0],"7":[0,0],"8":[0,0],"9":[0,0],"10":[0,0],"11":[0,0],"12":[0,0]},"_coverageSchema":"1a1c01bbd47fc00a2c39e90264f33305004495a9","hash":"18c9a683f17266c2e48793acc7ae07697e3e744f"}
,"C:\\Users\\Acer\\Documents\\work-immersion-system\\backend\\src\\controllers\\authController.js": {"path":"C:\\Users\\Acer\\Documents\\work-immersion-system\\backend\\src\\controllers\\authController.js","statementMap":{"0":{"start":{"line":1,"column":13},"end":{"line":1,"column":38}},"1":{"start":{"line":2,"column":15},"end":{"line":2,"column":34}},"2":{"start":{"line":3,"column":12},"end":{"line":3,"column":35}},"3":{"start":{"line":4,"column":15},"end":{"line":4,"column":32}},"4":{"start":{"line":5,"column":19},"end":{"line":5,"column":40}},"5":{"start":{"line":7,"column":22},"end":{"line":13,"column":1}},"6":{"start":{"line":8,"column":2},"end":{"line":12,"column":4}},"7":{"start":{"line":16,"column":17},"end":{"line":84,"column":1}},"8":{"start":{"line":25,"column":6},"end":{"line":25,"column":14}},"9":{"start":{"line":27,"column":2},"end":{"line":83,"column":3}},"10":{"start":{"line":28,"column":4},"end":{"line":30,"column":5}},"11":{"start":{"line":29,"column":6},"end":{"line":29,"column":71}},"12":{"start":{"line":32,"column":4},"end":{"line":34,"column":5}},"13":{"start":{"line":33,"column":6},"end":{"line":33,"column":65}},"14":{"start":{"line":36,"column":4},"end":{"line":38,"column":5}},"15":{"start":{"line":37,"column":6},"end":{"line":37,"column":68}},"16":{"start":{"line":40,"column":4},"end":{"line":42,"column":5}},"17":{"start":{"line":41,"column":6},"end":{"line":41,"column":68}},"18":{"start":{"line":44,"column":25},"end":{"line":50,"column":6}},"19":{"start":{"line":52,"column":4},"end":{"line":54,"column":5}},"20":{"start":{"line":53,"column":6},"end":{"line":53,"column":68}},"21":{"start":{"line":56,"column":27},"end":{"line":56,"column":58}},"22":{"start":{"line":58,"column":21},"end":{"line":64,"column":5}},"23":{"start":{"line":66,"column":4},"end":{"line":68,"column":5}},"24":{"start":{"line":67,"column":6},"end":{"line":67,"column":37}},"25":{"start":{"line":70,"column":4},"end":{"line":72,"column":5}},"26":{"start":{"line":71,"column":6},"end":{"line":71,"column":37}},"27":{"start":{"line":74,"column":17},"end":{"line":74,"column":44}},"28":{"start":{"line":76,"column":4},"end":{"line":79,"column":7}},"29":{"start":{"line":82,"column":4},"end":{"line":82,"column":51}},"30":{"start":{"line":87,"column":14},"end":{"line":142,"column":1}},"31":{"start":{"line":88,"column":2},"end":{"line":88,"column":39}},"32":{"start":{"line":89,"column":2},"end":{"line":89,"column":154}},"33":{"start":{"line":91,"column":52},"end":{"line":91,"column":60}},"34":{"start":{"line":93,"column":2},"end":{"line":141,"column":3}},"35":{"start":{"line":94,"column":4},"end":{"line":96,"column":5}},"36":{"start":{"line":95,"column":6},"end":{"line":95,"column":69}},"37":{"start":{"line":98,"column":25},"end":{"line":98,"column":27}},"38":{"start":{"line":99,"column":4},"end":{"line":99,"column":44}},"39":{"start":{"line":99,"column":15},"end":{"line":99,"column":44}},"40":{"start":{"line":100,"column":4},"end":{"line":100,"column":52}},"41":{"start":{"line":100,"column":19},"end":{"line":100,"column":52}},"42":{"start":{"line":101,"column":4},"end":{"line":101,"column":52}},"43":{"start":{"line":101,"column":19},"end":{"line":101,"column":52}},"44":{"start":{"line":103,"column":4},"end":{"line":105,"column":5}},"45":{"start":{"line":104,"column":6},"end":{"line":104,"column":92}},"46":{"start":{"line":107,"column":17},"end":{"line":107,"column":58}},"47":{"start":{"line":109,"column":4},"end":{"line":111,"column":5}},"48":{"start":{"line":110,"column":6},"end":{"line":110,"column":63}},"49":{"start":{"line":113,"column":4},"end":{"line":115,"column":5}},"50":{"start":{"line":114,"column":6},"end":{"line":114,"column":91}},"51":{"start":{"line":117,"column":4},"end":{"line":119,"column":5}},"52":{"start":{"line":118,"column":6},"end":{"line":118,"column":69}},"53":{"start":{"line":121,"column":18},"end":{"line":121,"column":63}},"54":{"start":{"line":123,"column":4},"end":{"line":125,"column":5}},"55":{"start":{"line":124,"column":6},"end":{"line":124,"column":63}},"56":{"start":{"line":127,"column":4},"end":{"line":127,"column":78}},"57":{"start":{"line":128,"column":4},"end":{"line":136,"column":7}},"58":{"start":{"line":139,"column":4},"end":{"line":139,"column":41}},"59":{"start":{"line":140,"column":4},"end":{"line":140,"column":51}},"60":{"start":{"line":145,"column":23},"end":{"line":264,"column":1}},"61":{"start":{"line":146,"column":20},"end":{"line":146,"column":28}},"62":{"start":{"line":148,"column":2},"end":{"line":263,"column":3}},"63":{"start":{"line":149,"column":4},"end":{"line":151,"column":5}},"64":{"start":{"line":150,"column":6},"end":{"line":150,"column":66}},"65":{"start":{"line":153,"column":17},"end":{"line":153,"column":46}},"66":{"start":{"line":155,"column":4},"end":{"line":157,"column":5}},"67":{"start":{"line":156,"column":6},"end":{"line":156,"column":84}},"68":{"start":{"line":160,"column":23},"end":{"line":160,"column":61}},"69":{"start":{"line":161,"column":27},"end":{"line":161,"column":87}},"70":{"start":{"line":164,"column":4},"end":{"line":164,"column":45}},"71":{"start":{"line":165,"column":4},"end":{"line":165,"column":53}},"72":{"start":{"line":166,"column":4},"end":{"line":166,"column":22}},"73":{"start":{"line":168,"column":21},"end":{"line":168,"column":79}},"74":{"start":{"line":172,"column":4},"end":{"line":172,"column":50}},"75":{"start":{"line":173,"column":4},"end":{"line":173,"column":53}},"76":{"start":{"line":174,"column":4},"end":{"line":174,"column":42}},"77":{"start":{"line":175,"column":4},"end":{"line":175,"column":90}},"78":{"start":{"line":176,"column":4},"end":{"line":176,"column":50}},"79":{"start":{"line":179,"column":4},"end":{"line":256,"column":5}},"80":{"start":{"line":180,"column":6},"end":{"line":247,"column":7}},"81":{"start":{"line":182,"column":28},"end":{"line":193,"column":10}},"82":{"start":{"line":195,"column":28},"end":{"line":236,"column":9}},"83":{"start":{"line":238,"column":8},"end":{"line":238,"column":48}},"84":{"start":{"line":239,"column":8},"end":{"line":239,"column":61}},"85":{"start":{"line":241,"column":8},"end":{"line":241,"column":59}},"86":{"start":{"line":243,"column":8},"end":{"line":243,"column":44}},"87":{"start":{"line":244,"column":8},"end":{"line":244,"column":46}},"88":{"start":{"line":245,"column":8},"end":{"line":245,"column":26}},"89":{"start":{"line":246,"column":8},"end":{"line":246,"column":79}},"90":{"start":{"line":250,"column":6},"end":{"line":250,"column":76}},"91":{"start":{"line":251,"column":6},"end":{"line":254,"column":9}},"92":{"start":{"line":255,"column":6},"end":{"line":255,"column":13}},"93":{"start":{"line":258,"column":4},"end":{"line":258,"column":68}},"94":{"start":{"line":261,"column":4},"end":{"line":261,"column":51}},"95":{"start":{"line":262,"column":4},"end":{"line":262,"column":66}},"96":{"start":{"line":267,"column":22},"end":{"line":308,"column":1}},"97":{"start":{"line":268,"column":50},"end":{"line":268,"column":58}},"98":{"start":{"line":270,"column":2},"end":{"line":307,"column":3}},"99":{"start":{"line":271,"column":4},"end":{"line":273,"column":5}},"100":{"start":{"line":272,"column":6},"end":{"line":272,"column":72}},"101":{"start":{"line":275,"column":4},"end":{"line":277,"column":5}},"102":{"start":{"line":276,"column":6},"end":{"line":276,"column":71}},"103":{"start":{"line":279,"column":4},"end":{"line":281,"column":5}},"104":{"start":{"line":280,"column":6},"end":{"line":280,"column":87}},"105":{"start":{"line":284,"column":27},"end":{"line":284,"column":82}},"106":{"start":{"line":286,"column":17},"end":{"line":289,"column":6}},"107":{"start":{"line":291,"column":4},"end":{"line":293,"column":5}},"108":{"start":{"line":292,"column":6},"end":{"line":292,"column":79}},"109":{"start":{"line":296,"column":27},"end":{"line":296,"column":61}},"110":{"start":{"line":297,"column":4},"end":{"line":297,"column":35}},"111":{"start":{"line":298,"column":4},"end":{"line":298,"column":40}},"112":{"start":{"line":299,"column":4},"end":{"line":299,"column":42}},"113":{"start":{"line":300,"column":4},"end":{"line":300,"column":22}},"114":{"start":{"line":302,"column":4},"end":{"line":302,"column":57}},"115":{"start":{"line":305,"column":4},"end":{"line":305,"column":50}},"116":{"start":{"line":306,"column":4},"end":{"line":306,"column":64}},"117":{"start":{"line":311,"column":19},"end":{"line":366,"column":1}},"118":{"start":{"line":312,"column":30},"end":{"line":312,"column":38}},"119":{"start":{"line":314,"column":2},"end":{"line":365,"column":3}},"120":{"start":{"line":315,"column":4},"end":{"line":315,"column":47}},"121":{"start":{"line":316,"column":4},"end":{"line":316,"column":33}},"122":{"start":{"line":318,"column":4},"end":{"line":321,"column":5}},"123":{"start":{"line":319,"column":6},"end":{"line":319,"column":47}},"124":{"start":{"line":320,"column":6},"end":{"line":320,"column":80}},"125":{"start":{"line":323,"column":17},"end":{"line":323,"column":46}},"126":{"start":{"line":324,"column":4},"end":{"line":324,"column":60}},"127":{"start":{"line":326,"column":4},"end":{"line":329,"column":5}},"128":{"start":{"line":327,"column":6},"end":{"line":327,"column":36}},"129":{"start":{"line":328,"column":6},"end":{"line":328,"column":63}},"130":{"start":{"line":331,"column":4},"end":{"line":334,"column":5}},"131":{"start":{"line":332,"column":6},"end":{"line":332,"column":39}},"132":{"start":{"line":333,"column":6},"end":{"line":333,"column":68}},"133":{"start":{"line":336,"column":4},"end":{"line":339,"column":5}},"134":{"start":{"line":337,"column":6},"end":{"line":337,"column":37}},"135":{"start":{"line":338,"column":6},"end":{"line":338,"column":69}},"136":{"start":{"line":341,"column":18},"end":{"line":341,"column":63}},"137":{"start":{"line":342,"column":4},"end":{"line":342,"column":42}},"138":{"start":{"line":344,"column":4},"end":{"line":347,"column":5}},"139":{"start":{"line":345,"column":6},"end":{"line":345,"column":36}},"140":{"start":{"line":346,"column":6},"end":{"line":346,"column":63}},"141":{"start":{"line":349,"column":18},"end":{"line":349,"column":37}},"142":{"start":{"line":350,"column":4},"end":{"line":350,"column":39}},"143":{"start":{"line":352,"column":4},"end":{"line":360,"column":7}},"144":{"start":{"line":363,"column":4},"end":{"line":363,"column":47}},"145":{"start":{"line":364,"column":4},"end":{"line":364,"column":51}},"146":{"start":{"line":368,"column":0},"end":{"line":368,"column":80}}},"fnMap":{"0":{"name":"(anonymous_0)","decl":{"start":{"line":7,"column":22},"end":{"line":7,"column":23}},"loc":{"start":{"line":7,"column":32},"end":{"line":13,"column":1}},"line":7},"1":{"name":"(anonymous_1)","decl":{"start":{"line":16,"column":17},"end":{"line":16,"column":18}},"loc":{"start":{"line":16,"column":37},"end":{"line":84,"column":1}},"line":16},"2":{"name":"(anonymous_2)","decl":{"start":{"line":87,"column":14},"end":{"line":87,"column":15}},"loc":{"start":{"line":87,"column":34},"end":{"line":142,"column":1}},"line":87},"3":{"name":"(anonymous_3)","decl":{"start":{"line":145,"column":23},"end":{"line":145,"column":24}},"loc":{"start":{"line":145,"column":43},"end":{"line":264,"column":1}},"line":145},"4":{"name":"(anonymous_4)","decl":{"start":{"line":267,"column":22},"end":{"line":267,"column":23}},"loc":{"start":{"line":267,"column":42},"end":{"line":308,"column":1}},"line":267},"5":{"name":"(anonymous_5)","decl":{"start":{"line":311,"column":19},"end":{"line":311,"column":20}},"loc":{"start":{"line":311,"column":39},"end":{"line":366,"column":1}},"line":311}},"branchMap":{"0":{"loc":{"start":{"line":28,"column":4},"end":{"line":30,"column":5}},"type":"if","locations":[{"start":{"line":28,"column":4},"end":{"line":30,"column":5}},{"start":{},"end":{}}],"line":28},"1":{"loc":{"start":{"line":32,"column":4},"end":{"line":34,"column":5}},"type":"if","locations":[{"start":{"line":32,"column":4},"end":{"line":34,"column":5}},{"start":{},"end":{}}],"line":32},"2":{"loc":{"start":{"line":36,"column":4},"end":{"line":38,"column":5}},"type":"if","locations":[{"start":{"line":36,"column":4},"end":{"line":38,"column":5}},{"start":{},"end":{}}],"line":36},"3":{"loc":{"start":{"line":36,"column":8},"end":{"line":36,"column":40}},"type":"binary-expr","locations":[{"start":{"line":36,"column":8},"end":{"line":36,"column":26}},{"start":{"line":36,"column":30},"end":{"line":36,"column":40}}],"line":36},"4":{"loc":{"start":{"line":40,"column":4},"end":{"line":42,"column":5}},"type":"if","locations":[{"start":{"line":40,"column":4},"end":{"line":42,"column":5}},{"start":{},"end":{}}],"line":40},"5":{"loc":{"start":{"line":40,"column":8},"end":{"line":40,"column":40}},"type":"binary-expr","locations":[{"start":{"line":40,"column":8},"end":{"line":40,"column":26}},{"start":{"line":40,"column":30},"end":{"line":40,"column":40}}],"line":40},"6":{"loc":{"start":{"line":47,"column":12},"end":{"line":47,"column":44}},"type":"cond-expr","locations":[{"start":{"line":47,"column":24},"end":{"line":47,"column":39}},{"start":{"line":47,"column":42},"end":{"line":47,"column":44}}],"line":47},"7":{"loc":{"start":{"line":48,"column":12},"end":{"line":48,"column":44}},"type":"cond-expr","locations":[{"start":{"line":48,"column":24},"end":{"line":48,"column":39}},{"start":{"line":48,"column":42},"end":{"line":48,"column":44}}],"line":48},"8":{"loc":{"start":{"line":52,"column":4},"end":{"line":54,"column":5}},"type":"if","locations":[{"start":{"line":52,"column":4},"end":{"line":54,"column":5}},{"start":{},"end":{}}],"line":52},"9":{"loc":{"start":{"line":63,"column":14},"end":{"line":63,"column":57}},"type":"cond-expr","locations":[{"start":{"line":63,"column":35},"end":{"line":63,"column":45}},{"start":{"line":63,"column":48},"end":{"line":63,"column":57}}],"line":63},"10":{"loc":{"start":{"line":66,"column":4},"end":{"line":68,"column":5}},"type":"if","locations":[{"start":{"line":66,"column":4},"end":{"line":68,"column":5}},{"start":{},"end":{}}],"line":66},"11":{"loc":{"start":{"line":70,"column":4},"end":{"line":72,"column":5}},"type":"if","locations":[{"start":{"line":70,"column":4},"end":{"line":72,"column":5}},{"start":{},"end":{}}],"line":70},"12":{"loc":{"start":{"line":94,"column":4},"end":{"line":96,"column":5}},"type":"if","locations":[{"start":{"line":94,"column":4},"end":{"line":96,"column":5}},{"start":{},"end":{}}],"line":94},"13":{"loc":{"start":{"line":99,"column":4},"end":{"line":99,"column":44}},"type":"if","locations":[{"start":{"line":99,"column":4},"end":{"line":99,"column":44}},{"start":{},"end":{}}],"line":99},"14":{"loc":{"start":{"line":100,"column":4},"end":{"line":100,"column":52}},"type":"if","locations":[{"start":{"line":100,"column":4},"end":{"line":100,"column":52}},{"start":{},"end":{}}],"line":100},"15":{"loc":{"start":{"line":101,"column":4},"end":{"line":101,"column":52}},"type":"if","locations":[{"start":{"line":101,"column":4},"end":{"line":101,"column":52}},{"start":{},"end":{}}],"line":101},"16":{"loc":{"start":{"line":103,"column":4},"end":{"line":105,"column":5}},"type":"if","locations":[{"start":{"line":103,"column":4},"end":{"line":105,"column":5}},{"start":{},"end":{}}],"line":103},"17":{"loc":{"start":{"line":109,"column":4},"end":{"line":111,"column":5}},"type":"if","locations":[{"start":{"line":109,"column":4},"end":{"line":111,"column":5}},{"start":{},"end":{}}],"line":109},"18":{"loc":{"start":{"line":113,"column":4},"end":{"line":115,"column":5}},"type":"if","locations":[{"start":{"line":113,"column":4},"end":{"line":115,"column":5}},{"start":{},"end":{}}],"line":113},"19":{"loc":{"start":{"line":117,"column":4},"end":{"line":119,"column":5}},"type":"if","locations":[{"start":{"line":117,"column":4},"end":{"line":119,"column":5}},{"start":{},"end":{}}],"line":117},"20":{"loc":{"start":{"line":123,"column":4},"end":{"line":125,"column":5}},"type":"if","locations":[{"start":{"line":123,"column":4},"end":{"line":125,"column":5}},{"start":{},"end":{}}],"line":123},"21":{"loc":{"start":{"line":149,"column":4},"end":{"line":151,"column":5}},"type":"if","locations":[{"start":{"line":149,"column":4},"end":{"line":151,"column":5}},{"start":{},"end":{}}],"line":149},"22":{"loc":{"start":{"line":155,"column":4},"end":{"line":157,"column":5}},"type":"if","locations":[{"start":{"line":155,"column":4},"end":{"line":157,"column":5}},{"start":{},"end":{}}],"line":155},"23":{"loc":{"start":{"line":179,"column":4},"end":{"line":256,"column":5}},"type":"if","locations":[{"start":{"line":179,"column":4},"end":{"line":256,"column":5}},{"start":{"line":248,"column":11},"end":{"line":256,"column":5}}],"line":179},"24":{"loc":{"start":{"line":179,"column":8},"end":{"line":179,"column":83}},"type":"binary-expr","locations":[{"start":{"line":179,"column":8},"end":{"line":179,"column":30}},{"start":{"line":179,"column":34},"end":{"line":179,"column":83}}],"line":179},"25":{"loc":{"start":{"line":271,"column":4},"end":{"line":273,"column":5}},"type":"if","locations":[{"start":{"line":271,"column":4},"end":{"line":273,"column":5}},{"start":{},"end":{}}],"line":271},"26":{"loc":{"start":{"line":271,"column":8},"end":{"line":271,"column":50}},"type":"binary-expr","locations":[{"start":{"line":271,"column":8},"end":{"line":271,"column":14}},{"start":{"line":271,"column":18},"end":{"line":271,"column":30}},{"start":{"line":271,"column":34},"end":{"line":271,"column":50}}],"line":271},"27":{"loc":{"start":{"line":275,"column":4},"end":{"line":277,"column":5}},"type":"if","locations":[{"start":{"line":275,"column":4},"end":{"line":277,"column":5}},{"start":{},"end":{}}],"line":275},"28":{"loc":{"start":{"line":279,"column":4},"end":{"line":281,"column":5}},"type":"if","locations":[{"start":{"line":279,"column":4},"end":{"line":281,"column":5}},{"start":{},"end":{}}],"line":279},"29":{"loc":{"start":{"line":291,"column":4},"end":{"line":293,"column":5}},"type":"if","locations":[{"start":{"line":291,"column":4},"end":{"line":293,"column":5}},{"start":{},"end":{}}],"line":291},"30":{"loc":{"start":{"line":318,"column":4},"end":{"line":321,"column":5}},"type":"if","locations":[{"start":{"line":318,"column":4},"end":{"line":321,"column":5}},{"start":{},"end":{}}],"line":318},"31":{"loc":{"start":{"line":318,"column":8},"end":{"line":318,"column":27}},"type":"binary-expr","locations":[{"start":{"line":318,"column":8},"end":{"line":318,"column":14}},{"start":{"line":318,"column":18},"end":{"line":318,"column":27}}],"line":318},"32":{"loc":{"start":{"line":326,"column":4},"end":{"line":329,"column":5}},"type":"if","locations":[{"start":{"line":326,"column":4},"end":{"line":329,"column":5}},{"start":{},"end":{}}],"line":326},"33":{"loc":{"start":{"line":331,"column":4},"end":{"line":334,"column":5}},"type":"if","locations":[{"start":{"line":331,"column":4},"end":{"line":334,"column":5}},{"start":{},"end":{}}],"line":331},"34":{"loc":{"start":{"line":336,"column":4},"end":{"line":339,"column":5}},"type":"if","locations":[{"start":{"line":336,"column":4},"end":{"line":339,"column":5}},{"start":{},"end":{}}],"line":336},"35":{"loc":{"start":{"line":344,"column":4},"end":{"line":347,"column":5}},"type":"if","locations":[{"start":{"line":344,"column":4},"end":{"line":347,"column":5}},{"start":{},"end":{}}],"line":344}},"s":{"0":1,"1":1,"2":1,"3":1,"4":1,"5":1,"6":4,"7":1,"8":6,"9":6,"10":6,"11":1,"12":5,"13":1,"14":4,"15":0,"16":4,"17":0,"18":4,"19":4,"20":4,"21":0,"22":0,"23":0,"24":0,"25":0,"26":0,"27":0,"28":0,"29":0,"30":1,"31":4,"32":4,"33":4,"34":4,"35":4,"36":1,"37":3,"38":3,"39":3,"40":3,"41":0,"42":3,"43":0,"44":3,"45":0,"46":3,"47":3,"48":0,"49":3,"50":0,"51":3,"52":0,"53":3,"54":3,"55":1,"56":2,"57":2,"58":0,"59":0,"60":1,"61":0,"62":0,"63":0,"64":0,"65":0,"66":0,"67":0,"68":0,"69":0,"70":0,"71":0,"72":0,"73":0,"74":0,"75":0,"76":0,"77":0,"78":0,"79":0,"80":0,"81":0,"82":0,"83":0,"84":0,"85":0,"86":0,"87":0,"88":0,"89":0,"90":0,"91":0,"92":0,"93":0,"94":0,"95":0,"96":1,"97":0,"98":0,"99":0,"100":0,"101":0,"102":0,"103":0,"104":0,"105":0,"106":0,"107":0,"108":0,"109":0,"110":0,"111":0,"112":0,"113":0,"114":0,"115":0,"116":0,"117":1,"118":2,"119":2,"120":2,"121":2,"122":2,"123":0,"124":0,"125":2,"126":2,"127":2,"128":0,"129":0,"130":2,"131":0,"132":0,"133":2,"134":0,"135":0,"136":2,"137":2,"138":2,"139":0,"140":0,"141":2,"142":2,"143":2,"144":0,"145":0,"146":1},"f":{"0":4,"1":6,"2":4,"3":0,"4":0,"5":2},"b":{"0":[1,5],"1":[1,4],"2":[0,4],"3":[4,2],"4":[0,4],"5":[4,1],"6":[2,2],"7":[1,3],"8":[4,0],"9":[0,0],"10":[0,0],"11":[0,0],"12":[1,3],"13":[3,0],"14":[0,3],"15":[0,3],"16":[0,3],"17":[0,3],"18":[0,3],"19":[0,3],"20":[1,2],"21":[0,0],"22":[0,0],"23":[0,0],"24":[0,0],"25":[0,0],"26":[0,0,0],"27":[0,0],"28":[0,0],"29":[0,0],"30":[0,2],"31":[2,2],"32":[0,2],"33":[0,2],"34":[0,2],"35":[0,2]},"_coverageSchema":"1a1c01bbd47fc00a2c39e90264f33305004495a9","hash":"66110499ba4425e0ce252dc59df26706f62c7392"}
,"C:\\Users\\Acer\\Documents\\work-immersion-system\\backend\\src\\controllers\\studentController.js": {"path":"C:\\Users\\Acer\\Documents\\work-immersion-system\\backend\\src\\controllers\\studentController.js","statementMap":{"0":{"start":{"line":1,"column":13},"end":{"line":1,"column":38}},"1":{"start":{"line":2,"column":19},"end":{"line":2,"column":50}},"2":{"start":{"line":3,"column":16},"end":{"line":3,"column":54}},"3":{"start":{"line":4,"column":15},"end":{"line":4,"column":42}},"4":{"start":{"line":7,"column":21},"end":{"line":10,"column":1}},"5":{"start":{"line":8,"column":15},"end":{"line":8,"column":67}},"6":{"start":{"line":9,"column":2},"end":{"line":9,"column":17}},"7":{"start":{"line":12,"column":24},"end":{"line":29,"column":1}},"8":{"start":{"line":13,"column":15},"end":{"line":13,"column":47}},"9":{"start":{"line":14,"column":2},"end":{"line":14,"column":70}},"10":{"start":{"line":14,"column":13},"end":{"line":14,"column":70}},"11":{"start":{"line":16,"column":24},"end":{"line":16,"column":71}},"12":{"start":{"line":17,"column":2},"end":{"line":21,"column":5}},"13":{"start":{"line":18,"column":4},"end":{"line":20,"column":5}},"14":{"start":{"line":19,"column":6},"end":{"line":19,"column":36}},"15":{"start":{"line":23,"column":2},"end":{"line":25,"column":3}},"16":{"start":{"line":24,"column":4},"end":{"line":24,"column":71}},"17":{"start":{"line":27,"column":2},"end":{"line":27,"column":20}},"18":{"start":{"line":28,"column":2},"end":{"line":28,"column":80}},"19":{"start":{"line":32,"column":15},"end":{"line":59,"column":1}},"20":{"start":{"line":33,"column":18},"end":{"line":33,"column":83}},"21":{"start":{"line":35,"column":2},"end":{"line":35,"column":76}},"22":{"start":{"line":35,"column":16},"end":{"line":35,"column":76}},"23":{"start":{"line":37,"column":14},"end":{"line":37,"column":24}},"24":{"start":{"line":39,"column":2},"end":{"line":41,"column":3}},"25":{"start":{"line":40,"column":4},"end":{"line":40,"column":64}},"26":{"start":{"line":43,"column":19},"end":{"line":46,"column":4}},"27":{"start":{"line":48,"column":2},"end":{"line":50,"column":3}},"28":{"start":{"line":49,"column":4},"end":{"line":49,"column":63}},"29":{"start":{"line":52,"column":17},"end":{"line":56,"column":4}},"30":{"start":{"line":58,"column":2},"end":{"line":58,"column":54}},"31":{"start":{"line":62,"column":16},"end":{"line":76,"column":1}},"32":{"start":{"line":63,"column":17},"end":{"line":66,"column":23}},"33":{"start":{"line":68,"column":2},"end":{"line":70,"column":3}},"34":{"start":{"line":69,"column":4},"end":{"line":69,"column":64}},"35":{"start":{"line":72,"column":2},"end":{"line":72,"column":30}},"36":{"start":{"line":73,"column":2},"end":{"line":73,"column":22}},"37":{"start":{"line":75,"column":2},"end":{"line":75,"column":47}},"38":{"start":{"line":79,"column":24},"end":{"line":85,"column":1}},"39":{"start":{"line":80,"column":18},"end":{"line":82,"column":4}},"40":{"start":{"line":84,"column":2},"end":{"line":84,"column":36}},"41":{"start":{"line":87,"column":35},"end":{"line":104,"column":1}},"42":{"start":{"line":88,"column":18},"end":{"line":88,"column":83}},"43":{"start":{"line":90,"column":2},"end":{"line":92,"column":3}},"44":{"start":{"line":91,"column":4},"end":{"line":91,"column":64}},"45":{"start":{"line":94,"column":2},"end":{"line":98,"column":3}},"46":{"start":{"line":95,"column":4},"end":{"line":95,"column":29}},"47":{"start":{"line":96,"column":4},"end":{"line":96,"column":25}},"48":{"start":{"line":97,"column":4},"end":{"line":97,"column":64}},"49":{"start":{"line":100,"column":2},"end":{"line":103,"column":5}},"50":{"start":{"line":107,"column":21},"end":{"line":127,"column":1}},"51":{"start":{"line":108,"column":35},"end":{"line":108,"column":43}},"52":{"start":{"line":110,"column":2},"end":{"line":112,"column":3}},"53":{"start":{"line":111,"column":4},"end":{"line":111,"column":64}},"54":{"start":{"line":114,"column":21},"end":{"line":119,"column":3}},"55":{"start":{"line":121,"column":2},"end":{"line":123,"column":3}},"56":{"start":{"line":122,"column":4},"end":{"line":122,"column":66}},"57":{"start":{"line":125,"column":17},"end":{"line":125,"column":48}},"58":{"start":{"line":126,"column":2},"end":{"line":126,"column":62}},"59":{"start":{"line":129,"column":21},"end":{"line":150,"column":1}},"60":{"start":{"line":130,"column":29},"end":{"line":130,"column":37}},"61":{"start":{"line":131,"column":17},"end":{"line":131,"column":83}},"62":{"start":{"line":133,"column":2},"end":{"line":135,"column":3}},"63":{"start":{"line":134,"column":4},"end":{"line":134,"column":63}},"64":{"start":{"line":137,"column":2},"end":{"line":139,"column":3}},"65":{"start":{"line":138,"column":4},"end":{"line":138,"column":77}},"66":{"start":{"line":141,"column":2},"end":{"line":141,"column":34}},"67":{"start":{"line":141,"column":13},"end":{"line":141,"column":34}},"68":{"start":{"line":142,"column":2},"end":{"line":142,"column":54}},"69":{"start":{"line":142,"column":29},"end":{"line":142,"column":54}},"70":{"start":{"line":144,"column":2},"end":{"line":146,"column":3}},"71":{"start":{"line":145,"column":4},"end":{"line":145,"column":62}},"72":{"start":{"line":148,"column":2},"end":{"line":148,"column":22}},"73":{"start":{"line":149,"column":2},"end":{"line":149,"column":50}},"74":{"start":{"line":152,"column":21},"end":{"line":155,"column":1}},"75":{"start":{"line":153,"column":18},"end":{"line":153,"column":80}},"76":{"start":{"line":154,"column":2},"end":{"line":154,"column":24}},"77":{"start":{"line":157,"column":21},"end":{"line":173,"column":1}},"78":{"start":{"line":158,"column":17},"end":{"line":158,"column":83}},"79":{"start":{"line":160,"column":2},"end":{"line":162,"column":3}},"80":{"start":{"line":161,"column":4},"end":{"line":161,"column":63}},"81":{"start":{"line":164,"column":2},"end":{"line":166,"column":3}},"82":{"start":{"line":165,"column":4},"end":{"line":165,"column":71}},"83":{"start":{"line":168,"column":2},"end":{"line":168,"column":30}},"84":{"start":{"line":169,"column":2},"end":{"line":169,"column":34}},"85":{"start":{"line":170,"column":2},"end":{"line":170,"column":22}},"86":{"start":{"line":172,"column":2},"end":{"line":172,"column":52}},"87":{"start":{"line":175,"column":21},"end":{"line":188,"column":1}},"88":{"start":{"line":176,"column":17},"end":{"line":176,"column":83}},"89":{"start":{"line":178,"column":2},"end":{"line":180,"column":3}},"90":{"start":{"line":179,"column":4},"end":{"line":179,"column":63}},"91":{"start":{"line":182,"column":2},"end":{"line":184,"column":3}},"92":{"start":{"line":183,"column":4},"end":{"line":183,"column":77}},"93":{"start":{"line":186,"column":2},"end":{"line":186,"column":48}},"94":{"start":{"line":187,"column":2},"end":{"line":187,"column":42}},"95":{"start":{"line":190,"column":0},"end":{"line":202,"column":2}}},"fnMap":{"0":{"name":"(anonymous_0)","decl":{"start":{"line":7,"column":21},"end":{"line":7,"column":22}},"loc":{"start":{"line":7,"column":41},"end":{"line":10,"column":1}},"line":7},"1":{"name":"(anonymous_1)","decl":{"start":{"line":12,"column":24},"end":{"line":12,"column":25}},"loc":{"start":{"line":12,"column":44},"end":{"line":29,"column":1}},"line":12},"2":{"name":"(anonymous_2)","decl":{"start":{"line":17,"column":24},"end":{"line":17,"column":25}},"loc":{"start":{"line":17,"column":35},"end":{"line":21,"column":3}},"line":17},"3":{"name":"(anonymous_3)","decl":{"start":{"line":32,"column":15},"end":{"line":32,"column":16}},"loc":{"start":{"line":32,"column":35},"end":{"line":59,"column":1}},"line":32},"4":{"name":"(anonymous_4)","decl":{"start":{"line":62,"column":16},"end":{"line":62,"column":17}},"loc":{"start":{"line":62,"column":36},"end":{"line":76,"column":1}},"line":62},"5":{"name":"(anonymous_5)","decl":{"start":{"line":79,"column":24},"end":{"line":79,"column":25}},"loc":{"start":{"line":79,"column":44},"end":{"line":85,"column":1}},"line":79},"6":{"name":"(anonymous_6)","decl":{"start":{"line":87,"column":35},"end":{"line":87,"column":36}},"loc":{"start":{"line":87,"column":55},"end":{"line":104,"column":1}},"line":87},"7":{"name":"(anonymous_7)","decl":{"start":{"line":107,"column":21},"end":{"line":107,"column":22}},"loc":{"start":{"line":107,"column":41},"end":{"line":127,"column":1}},"line":107},"8":{"name":"(anonymous_8)","decl":{"start":{"line":129,"column":21},"end":{"line":129,"column":22}},"loc":{"start":{"line":129,"column":41},"end":{"line":150,"column":1}},"line":129},"9":{"name":"(anonymous_9)","decl":{"start":{"line":152,"column":21},"end":{"line":152,"column":22}},"loc":{"start":{"line":152,"column":41},"end":{"line":155,"column":1}},"line":152},"10":{"name":"(anonymous_10)","decl":{"start":{"line":157,"column":21},"end":{"line":157,"column":22}},"loc":{"start":{"line":157,"column":41},"end":{"line":173,"column":1}},"line":157},"11":{"name":"(anonymous_11)","decl":{"start":{"line":175,"column":21},"end":{"line":175,"column":22}},"loc":{"start":{"line":175,"column":41},"end":{"line":188,"column":1}},"line":175}},"branchMap":{"0":{"loc":{"start":{"line":14,"column":2},"end":{"line":14,"column":70}},"type":"if","locations":[{"start":{"line":14,"column":2},"end":{"line":14,"column":70}},{"start":{},"end":{}}],"line":14},"1":{"loc":{"start":{"line":18,"column":4},"end":{"line":20,"column":5}},"type":"if","locations":[{"start":{"line":18,"column":4},"end":{"line":20,"column":5}},{"start":{},"end":{}}],"line":18},"2":{"loc":{"start":{"line":23,"column":2},"end":{"line":25,"column":3}},"type":"if","locations":[{"start":{"line":23,"column":2},"end":{"line":25,"column":3}},{"start":{},"end":{}}],"line":23},"3":{"loc":{"start":{"line":35,"column":2},"end":{"line":35,"column":76}},"type":"if","locations":[{"start":{"line":35,"column":2},"end":{"line":35,"column":76}},{"start":{},"end":{}}],"line":35},"4":{"loc":{"start":{"line":39,"column":2},"end":{"line":41,"column":3}},"type":"if","locations":[{"start":{"line":39,"column":2},"end":{"line":41,"column":3}},{"start":{},"end":{}}],"line":39},"5":{"loc":{"start":{"line":48,"column":2},"end":{"line":50,"column":3}},"type":"if","locations":[{"start":{"line":48,"column":2},"end":{"line":50,"column":3}},{"start":{},"end":{}}],"line":48},"6":{"loc":{"start":{"line":68,"column":2},"end":{"line":70,"column":3}},"type":"if","locations":[{"start":{"line":68,"column":2},"end":{"line":70,"column":3}},{"start":{},"end":{}}],"line":68},"7":{"loc":{"start":{"line":90,"column":2},"end":{"line":92,"column":3}},"type":"if","locations":[{"start":{"line":90,"column":2},"end":{"line":92,"column":3}},{"start":{},"end":{}}],"line":90},"8":{"loc":{"start":{"line":94,"column":2},"end":{"line":98,"column":3}},"type":"if","locations":[{"start":{"line":94,"column":2},"end":{"line":98,"column":3}},{"start":{},"end":{}}],"line":94},"9":{"loc":{"start":{"line":110,"column":2},"end":{"line":112,"column":3}},"type":"if","locations":[{"start":{"line":110,"column":2},"end":{"line":112,"column":3}},{"start":{},"end":{}}],"line":110},"10":{"loc":{"start":{"line":117,"column":13},"end":{"line":117,"column":26}},"type":"binary-expr","locations":[{"start":{"line":117,"column":13},"end":{"line":117,"column":20}},{"start":{"line":117,"column":24},"end":{"line":117,"column":26}}],"line":117},"11":{"loc":{"start":{"line":118,"column":10},"end":{"line":118,"column":44}},"type":"cond-expr","locations":[{"start":{"line":118,"column":17},"end":{"line":118,"column":31}},{"start":{"line":118,"column":34},"end":{"line":118,"column":44}}],"line":118},"12":{"loc":{"start":{"line":121,"column":2},"end":{"line":123,"column":3}},"type":"if","locations":[{"start":{"line":121,"column":2},"end":{"line":123,"column":3}},{"start":{},"end":{}}],"line":121},"13":{"loc":{"start":{"line":133,"column":2},"end":{"line":135,"column":3}},"type":"if","locations":[{"start":{"line":133,"column":2},"end":{"line":135,"column":3}},{"start":{},"end":{}}],"line":133},"14":{"loc":{"start":{"line":137,"column":2},"end":{"line":139,"column":3}},"type":"if","locations":[{"start":{"line":137,"column":2},"end":{"line":139,"column":3}},{"start":{},"end":{}}],"line":137},"15":{"loc":{"start":{"line":141,"column":2},"end":{"line":141,"column":34}},"type":"if","locations":[{"start":{"line":141,"column":2},"end":{"line":141,"column":34}},{"start":{},"end":{}}],"line":141},"16":{"loc":{"start":{"line":142,"column":2},"end":{"line":142,"column":54}},"type":"if","locations":[{"start":{"line":142,"column":2},"end":{"line":142,"column":54}},{"start":{},"end":{}}],"line":142},"17":{"loc":{"start":{"line":144,"column":2},"end":{"line":146,"column":3}},"type":"if","locations":[{"start":{"line":144,"column":2},"end":{"line":146,"column":3}},{"start":{},"end":{}}],"line":144},"18":{"loc":{"start":{"line":160,"column":2},"end":{"line":162,"column":3}},"type":"if","locations":[{"start":{"line":160,"column":2},"end":{"line":162,"column":3}},{"start":{},"end":{}}],"line":160},"19":{"loc":{"start":{"line":164,"column":2},"end":{"line":166,"column":3}},"type":"if","locations":[{"start":{"line":164,"column":2},"end":{"line":166,"column":3}},{"start":{},"end":{}}],"line":164},"20":{"loc":{"start":{"line":178,"column":2},"end":{"line":180,"column":3}},"type":"if","locations":[{"start":{"line":178,"column":2},"end":{"line":180,"column":3}},{"start":{},"end":{}}],"line":178},"21":{"loc":{"start":{"line":182,"column":2},"end":{"line":184,"column":3}},"type":"if","locations":[{"start":{"line":182,"column":2},"end":{"line":184,"column":3}},{"start":{},"end":{}}],"line":182}},"s":{"0":1,"1":1,"2":1,"3":1,"4":1,"5":0,"6":0,"7":1,"8":0,"9":0,"10":0,"11":0,"12":0,"13":0,"14":0,"15":0,"16":0,"17":0,"18":0,"19":1,"20":0,"21":0,"22":0,"23":0,"24":0,"25":0,"26":0,"27":0,"28":0,"29":0,"30":0,"31":1,"32":0,"33":0,"34":0,"35":0,"36":0,"37":0,"38":1,"39":0,"40":0,"41":1,"42":0,"43":0,"44":0,"45":0,"46":0,"47":0,"48":0,"49":0,"50":1,"51":0,"52":0,"53":0,"54":0,"55":0,"56":0,"57":0,"58":0,"59":1,"60":0,"61":0,"62":0,"63":0,"64":0,"65":0,"66":0,"67":0,"68":0,"69":0,"70":0,"71":0,"72":0,"73":0,"74":1,"75":0,"76":0,"77":1,"78":0,"79":0,"80":0,"81":0,"82":0,"83":0,"84":0,"85":0,"86":0,"87":1,"88":0,"89":0,"90":0,"91":0,"92":0,"93":0,"94":0,"95":1},"f":{"0":0,"1":0,"2":0,"3":0,"4":0,"5":0,"6":0,"7":0,"8":0,"9":0,"10":0,"11":0},"b":{"0":[0,0],"1":[0,0],"2":[0,0],"3":[0,0],"4":[0,0],"5":[0,0],"6":[0,0],"7":[0,0],"8":[0,0],"9":[0,0],"10":[0,0],"11":[0,0],"12":[0,0],"13":[0,0],"14":[0,0],"15":[0,0],"16":[0,0],"17":[0,0],"18":[0,0],"19":[0,0],"20":[0,0],"21":[0,0]},"_coverageSchema":"1a1c01bbd47fc00a2c39e90264f33305004495a9","hash":"c6f39f3e4751e1e6d3c3ca006ff382805a37393a"}
[...]
:141},"11":{"name":"(anonymous_11)","decl":{"start":{"line":160,"column":26},"end":{"line":160,"column":27}},"loc":{"start":{"line":160,"column":46},"end":{"line":171,"column":1}},"line":160},"12":{"name":"(anonymous_12)","decl":{"start":{"line":173,"column":22},"end":{"line":173,"column":23}},"loc":{"start":{"line":173,"column":42},"end":{"line":194,"column":1}},"line":173},"13":{"name":"(anonymous_13)","decl":{"start":{"line":196,"column":20},"end":{"line":196,"column":21}},"loc":{"start":{"line":196,"column":40},"end":{"line":219,"column":1}},"line":196},"14":{"name":"(anonymous_14)","decl":{"start":{"line":222,"column":23},"end":{"line":222,"column":24}},"loc":{"start":{"line":222,"column":43},"end":{"line":232,"column":1}},"line":222},"15":{"name":"(anonymous_15)","decl":{"start":{"line":234,"column":22},"end":{"line":234,"column":23}},"loc":{"start":{"line":234,"column":42},"end":{"line":244,"column":1}},"line":234}},"branchMap":{"0":{"loc":{"start":{"line":29,"column":2},"end":{"line":31,"column":3}},"type":"if","locations":[{"start":{"line":29,"column":2},"end":{"line":31,"column":3}},{"start":{},"end":{}}],"line":29},"1":{"loc":{"start":{"line":29,"column":6},"end":{"line":29,"column":44}},"type":"binary-expr","locations":[{"start":{"line":29,"column":6},"end":{"line":29,"column":14}},{"start":{"line":29,"column":18},"end":{"line":29,"column":44}}],"line":29},"2":{"loc":{"start":{"line":50,"column":2},"end":{"line":52,"column":3}},"type":"if","locations":[{"start":{"line":50,"column":2},"end":{"line":52,"column":3}},{"start":{},"end":{}}],"line":50},"3":{"loc":{"start":{"line":50,"column":6},"end":{"line":50,"column":50}},"type":"binary-expr","locations":[{"start":{"line":50,"column":6},"end":{"line":50,"column":19}},{"start":{"line":50,"column":23},"end":{"line":50,"column":50}}],"line":50},"4":{"loc":{"start":{"line":64,"column":2},"end":{"line":66,"column":3}},"type":"if","locations":[{"start":{"line":64,"column":2},"end":{"line":66,"column":3}},{"start":{},"end":{}}],"line":64},"5":{"loc":{"start":{"line":69,"column":2},"end":{"line":72,"column":3}},"type":"if","locations":[{"start":{"line":69,"column":2},"end":{"line":72,"column":3}},{"start":{},"end":{}}],"line":69},"6":{"loc":{"start":{"line":82,"column":4},"end":{"line":87,"column":5}},"type":"if","locations":[{"start":{"line":82,"column":4},"end":{"line":87,"column":5}},{"start":{},"end":{}}],"line":82},"7":{"loc":{"start":{"line":101,"column":2},"end":{"line":106,"column":3}},"type":"if","locations":[{"start":{"line":101,"column":2},"end":{"line":106,"column":3}},{"start":{},"end":{}}],"line":101},"8":{"loc":{"start":{"line":108,"column":2},"end":{"line":113,"column":3}},"type":"if","locations":[{"start":{"line":108,"column":2},"end":{"line":113,"column":3}},{"start":{},"end":{}}],"line":108},"9":{"loc":{"start":{"line":110,"column":4},"end":{"line":112,"column":5}},"type":"if","locations":[{"start":{"line":110,"column":4},"end":{"line":112,"column":5}},{"start":{},"end":{}}],"line":110},"10":{"loc":{"start":{"line":126,"column":2},"end":{"line":128,"column":3}},"type":"if","locations":[{"start":{"line":126,"column":2},"end":{"line":128,"column":3}},{"start":{},"end":{}}],"line":126},"11":{"loc":{"start":{"line":126,"column":6},"end":{"line":126,"column":26}},"type":"binary-expr","locations":[{"start":{"line":126,"column":6},"end":{"line":126,"column":15}},{"start":{"line":126,"column":19},"end":{"line":126,"column":26}}],"line":126},"12":{"loc":{"start":{"line":143,"column":4},"end":{"line":151,"column":5}},"type":"if","locations":[{"start":{"line":143,"column":4},"end":{"line":151,"column":5}},{"start":{},"end":{}}],"line":143},"13":{"loc":{"start":{"line":162,"column":2},"end":{"line":164,"column":3}},"type":"if","locations":[{"start":{"line":162,"column":2},"end":{"line":164,"column":3}},{"start":{},"end":{}}],"line":162},"14":{"loc":{"start":{"line":162,"column":6},"end":{"line":162,"column":44}},"type":"binary-expr","locations":[{"start":{"line":162,"column":6},"end":{"line":162,"column":14}},{"start":{"line":162,"column":18},"end":{"line":162,"column":44}}],"line":162},"15":{"loc":{"start":{"line":178,"column":2},"end":{"line":180,"column":3}},"type":"if","locations":[{"start":{"line":178,"column":2},"end":{"line":180,"column":3}},{"start":{},"end":{}}],"line":178},"16":{"loc":{"start":{"line":182,"column":2},"end":{"line":187,"column":3}},"type":"if","locations":[{"start":{"line":182,"column":2},"end":{"line":187,"column":3}},{"start":{},"end":{}}],"line":182},"17":{"loc":{"start":{"line":202,"column":2},"end":{"line":205,"column":3}},"type":"if","locations":[{"start":{"line":202,"column":2},"end":{"line":205,"column":3}},{"start":{},"end":{}}],"line":202},"18":{"loc":{"start":{"line":202,"column":6},"end":{"line":202,"column":48}},"type":"binary-expr","locations":[{"start":{"line":202,"column":6},"end":{"line":202,"column":15}},{"start":{"line":202,"column":19},"end":{"line":202,"column":31}},{"start":{"line":202,"column":35},"end":{"line":202,"column":48}}],"line":202},"19":{"loc":{"start":{"line":208,"column":2},"end":{"line":211,"column":3}},"type":"if","locations":[{"start":{"line":208,"column":2},"end":{"line":211,"column":3}},{"start":{},"end":{}}],"line":208},"20":{"loc":{"start":{"line":224,"column":2},"end":{"line":226,"column":3}},"type":"if","locations":[{"start":{"line":224,"column":2},"end":{"line":226,"column":3}},{"start":{},"end":{}}],"line":224},"21":{"loc":{"start":{"line":224,"column":6},"end":{"line":224,"column":44}},"type":"binary-expr","locations":[{"start":{"line":224,"column":6},"end":{"line":224,"column":14}},{"start":{"line":224,"column":18},"end":{"line":224,"column":44}}],"line":224},"22":{"loc":{"start":{"line":236,"column":2},"end":{"line":238,"column":3}},"type":"if","locations":[{"start":{"line":236,"column":2},"end":{"line":238,"column":3}},{"start":{},"end":{}}],"line":236},"23":{"loc":{"start":{"line":236,"column":6},"end":{"line":236,"column":44}},"type":"binary-expr","locations":[{"start":{"line":236,"column":6},"end":{"line":236,"column":14}},{"start":{"line":236,"column":18},"end":{"line":236,"column":44}}],"line":236}},"s":{"0":1,"1":1,"2":1,"3":1,"4":1,"5":0,"6":0,"7":1,"8":0,"9":0,"10":0,"11":0,"12":1,"13":0,"14":0,"15":1,"16":0,"17":0,"18":0,"19":0,"20":1,"21":0,"22":0,"23":0,"24":0,"25":0,"26":0,"27":0,"28":1,"29":0,"30":0,"31":0,"32":0,"33":0,"34":0,"35":0,"36":0,"37":0,"38":0,"39":0,"40":0,"41":0,"42":0,"43":1,"44":0,"45":0,"46":0,"47":0,"48":0,"49":0,"50":0,"51":0,"52":0,"53":0,"54":0,"55":0,"56":0,"57":1,"58":0,"59":0,"60":0,"61":0,"62":0,"63":0,"64":0,"65":0,"66":0,"67":0,"68":0,"69":0,"70":0,"71":0,"72":0,"73":1,"74":0,"75":0,"76":0,"77":0,"78":0,"79":1,"80":0,"81":0,"82":0,"83":0,"84":0,"85":0,"86":0,"87":0,"88":0,"89":0,"90":0,"91":1,"92":0,"93":0,"94":0,"95":0,"96":0,"97":0,"98":0,"99":0,"100":0,"101":0,"102":0,"103":0,"104":0,"105":0,"106":0,"107":1,"108":0,"109":0,"110":0,"111":0,"112":0,"113":0,"114":1,"115":0,"116":0,"117":0,"118":0,"119":0,"120":0,"121":1},"f":{"0":0,"1":0,"2":0,"3":0,"4":0,"5":0,"6":0,"7":0,"8":0,"9":0,"10":0,"11":0,"12":0,"13":0,"14":0,"15":0},"b":{"0":[0,0],"1":[0,0],"2":[0,0],"3":[0,0],"4":[0,0],"5":[0,0],"6":[0,0],"7":[0,0],"8":[0,0],"9":[0,0],"10":[0,0],"11":[0,0],"12":[0,0],"13":[0,0],"14":[0,0],"15":[0,0],"16":[0,0],"17":[0,0],"18":[0,0,0],"19":[0,0],"20":[0,0],"21":[0,0],"22":[0,0],"23":[0,0]},"_coverageSchema":"1a1c01bbd47fc00a2c39e90264f33305004495a9","hash":"23fa16eacd643eda8b7be77d0566634b747f216e"}
,"C:\\Users\\Acer\\Documents\\work-immersion-system\\backend\\src\\middleware\\authMiddleware.js": {"path":"C:\\Users\\Acer\\Documents\\work-immersion-system\\backend\\src\\middleware\\authMiddleware.js","statementMap":{"0":{"start":{"line":1,"column":12},"end":{"line":1,"column":35}},"1":{"start":{"line":3,"column":16},"end":{"line":15,"column":1}},"2":{"start":{"line":4,"column":16},"end":{"line":4,"column":41}},"3":{"start":{"line":6,"column":2},"end":{"line":6,"column":65}},"4":{"start":{"line":6,"column":14},"end":{"line":6,"column":65}},"5":{"start":{"line":8,"column":2},"end":{"line":14,"column":3}},"6":{"start":{"line":9,"column":20},"end":{"line":9,"column":75}},"7":{"start":{"line":10,"column":4},"end":{"line":10,"column":23}},"8":{"start":{"line":11,"column":4},"end":{"line":11,"column":11}},"9":{"start":{"line":13,"column":4},"end":{"line":13,"column":53}},"10":{"start":{"line":17,"column":0},"end":{"line":17,"column":25}}},"fnMap":{"0":{"name":"(anonymous_0)","decl":{"start":{"line":3,"column":16},"end":{"line":3,"column":17}},"loc":{"start":{"line":3,"column":36},"end":{"line":15,"column":1}},"line":3}},"branchMap":{"0":{"loc":{"start":{"line":6,"column":2},"end":{"line":6,"column":65}},"type":"if","locations":[{"start":{"line":6,"column":2},"end":{"line":6,"column":65}},{"start":{},"end":{}}],"line":6}},"s":{"0":1,"1":1,"2":6,"3":6,"4":1,"5":5,"6":5,"7":4,"8":4,"9":1,"10":1},"f":{"0":6},"b":{"0":[1,5]},"_coverageSchema":"1a1c01bbd47fc00a2c39e90264f33305004495a9","hash":"4d7d955a7c10088b9a1cd971ec23f8fec3782579"}
,"C:\\Users\\Acer\\Documents\\work-immersion-system\\backend\\src\\middleware\\roleMiddleware.js": {"path":"C:\\Users\\Acer\\Documents\\work-immersion-system\\backend\\src\\middleware\\roleMiddleware.js","statementMap":{"0":{"start":{"line":1,"column":18},"end":{"line":8,"column":1}},"1":{"start":{"line":2,"column":2},"end":{"line":7,"column":4}},"2":{"start":{"line":3,"column":4},"end":{"line":5,"column":5}},"3":{"start":{"line":4,"column":6},"end":{"line":4,"column":62}},"4":{"start":{"line":6,"column":4},"end":{"line":6,"column":11}},"5":{"start":{"line":10,"column":0},"end":{"line":10,"column":27}}},"fnMap":{"0":{"name":"(anonymous_0)","decl":{"start":{"line":1,"column":18},"end":{"line":1,"column":19}},"loc":{"start":{"line":1,"column":32},"end":{"line":8,"column":1}},"line":1},"1":{"name":"(anonymous_1)","decl":{"start":{"line":2,"column":9},"end":{"line":2,"column":10}},"loc":{"start":{"line":2,"column":29},"end":{"line":7,"column":3}},"line":2}},"branchMap":{"0":{"loc":{"start":{"line":3,"column":4},"end":{"line":5,"column":5}},"type":"if","locations":[{"start":{"line":3,"column":4},"end":{"line":5,"column":5}},{"start":{},"end":{}}],"line":3}},"s":{"0":1,"1":43,"2":4,"3":0,"4":4,"5":1},"f":{"0":43,"1":4},"b":{"0":[0,4]},"_coverageSchema":"1a1c01bbd47fc00a2c39e90264f33305004495a9","hash":"a333d8fb90fdd13f94db024435c0ae32f8c11ff1"}
,"C:\\Users\\Acer\\Documents\\work-immersion-system\\backend\\src\\models\\attendance.js": {"path":"C:\\Users\\Acer\\Documents\\work-immersion-system\\backend\\src\\models\\attendance.js","statementMap":{"0":{"start":{"line":1,"column":17},"end":{"line":1,"column":36}},"1":{"start":{"line":3,"column":25},"end":{"line":30,"column":2}},"2":{"start":{"line":17,"column":18},"end":{"line":17,"column":28}},"3":{"start":{"line":18,"column":6},"end":{"line":18,"column":72}},"4":{"start":{"line":33,"column":0},"end":{"line":33,"column":82}},"5":{"start":{"line":35,"column":0},"end":{"line":35,"column":64}}},"fnMap":{"0":{"name":"(anonymous_0)","decl":{"start":{"line":16,"column":13},"end":{"line":16,"column":14}},"loc":{"start":{"line":16,"column":19},"end":{"line":19,"column":5}},"line":16}},"branchMap":{},"s":{"0":1,"1":1,"2":0,"3":0,"4":1,"5":1},"f":{"0":0},"b":{},"_coverageSchema":"1a1c01bbd47fc00a2c39e90264f33305004495a9","hash":"b86b422b6c46be4b91d67b6cd10f7211ffb9e74d"}
,"C:\\Users\\Acer\\Documents\\work-immersion-system\\backend\\src\\models\\attendanceSession.js": {"path":"C:\\Users\\Acer\\Documents\\work-immersion-system\\backend\\src\\models\\attendanceSession.js","statementMap":{"0":{"start":{"line":1,"column":17},"end":{"line":1,"column":36}},"1":{"start":{"line":3,"column":22},"end":{"line":26,"column":2}},"2":{"start":{"line":28,"column":0},"end":{"line":28,"column":68}}},"fnMap":{},"branchMap":{},"s":{"0":1,"1":1,"2":1},"f":{},"b":{},"_coverageSchema":"1a1c01bbd47fc00a2c39e90264f33305004495a9","hash":"de88d4a019c42070fb4f270b521fad0455d29242"}
,"C:\\Users\\Acer\\Documents\\work-immersion-system\\backend\\src\\models\\report.js": {"path":"C:\\Users\\Acer\\Documents\\work-immersion-system\\backend\\src\\models\\report.js","statementMap":{"0":{"start":{"line":1,"column":17},"end":{"line":1,"column":36}},"1":{"start":{"line":3,"column":21},"end":{"line":40,"column":24}},"2":{"start":{"line":42,"column":0},"end":{"line":42,"column":56}}},"fnMap":{},"branchMap":{},"s":{"0":1,"1":1,"2":1},"f":{},"b":{},"_coverageSchema":"1a1c01bbd47fc00a2c39e90264f33305004495a9","hash":"73a81530d96e2ea3b082c1311cf50149196c9950"}
,"C:\\Users\\Acer\\Documents\\work-immersion-system\\backend\\src\\models\\user.js": {"path":"C:\\Users\\Acer\\Documents\\work-immersion-system\\backend\\src\\models\\user.js","statementMap":{"0":{"start":{"line":1,"column":17},"end":{"line":1,"column":36}},"1":{"start":{"line":3,"column":19},"end":{"line":46,"column":24}},"2":{"start":{"line":48,"column":0},"end":{"line":48,"column":52}}},"fnMap":{},"branchMap":{},"s":{"0":1,"1":1,"2":1},"f":{},"b":{},"_coverageSchema":"1a1c01bbd47fc00a2c39e90264f33305004495a9","hash":"e627ce353023772975d5b1e402f96b3c20706442"}
,"C:\\Users\\Acer\\Documents\\work-immersion-system\\backend\\src\\routes\\adminRoutes.js": {"path":"C:\\Users\\Acer\\Documents\\work-immersion-system\\backend\\src\\routes\\adminRoutes.js","statementMap":{"0":{"start":{"line":1,"column":16},"end":{"line":1,"column":34}},"1":{"start":{"line":20,"column":4},"end":{"line":20,"column":45}},"2":{"start":{"line":23,"column":16},"end":{"line":23,"column":55}},"3":{"start":{"line":24,"column":18},"end":{"line":24,"column":57}},"4":{"start":{"line":26,"column":15},"end":{"line":26,"column":31}},"5":{"start":{"line":29,"column":0},"end":{"line":29,"column":69}},"6":{"start":{"line":30,"column":0},"end":{"line":30,"column":73}},"7":{"start":{"line":31,"column":0},"end":{"line":31,"column":72}},"8":{"start":{"line":32,"column":0},"end":{"line":32,"column":75}},"9":{"start":{"line":33,"column":0},"end":{"line":33,"column":76}},"10":{"start":{"line":36,"column":0},"end":{"line":36,"column":69}},"11":{"start":{"line":37,"column":0},"end":{"line":37,"column":73}},"12":{"start":{"line":38,"column":0},"end":{"line":38,"column":72}},"13":{"start":{"line":39,"column":0},"end":{"line":39,"column":75}},"14":{"start":{"line":40,"column":0},"end":{"line":40,"column":76}},"15":{"start":{"line":43,"column":0},"end":{"line":43,"column":63}},"16":{"start":{"line":44,"column":0},"end":{"line":44,"column":67}},"17":{"start":{"line":45,"column":0},"end":{"line":45,"column":66}},"18":{"start":{"line":46,"column":0},"end":{"line":46,"column":69}},"19":{"start":{"line":47,"column":0},"end":{"line":47,"column":70}},"20":{"start":{"line":50,"column":0},"end":{"line":50,"column":85}},"21":{"start":{"line":51,"column":0},"end":{"line":51,"column":85}},"22":{"start":{"line":55,"column":0},"end":{"line":55,"column":24}}},"fnMap":{},"branchMap":{},"s":{"0":1,"1":1,"2":1,"3":1,"4":1,"5":1,"6":1,"7":1,"8":1,"9":1,"10":1,"11":1,"12":1,"13":1,"14":1,"15":1,"16":1,"17":1,"18":1,"19":1,"20":1,"21":1,"22":1},"f":{},"b":{},"_coverageSchema":"1a1c01bbd47fc00a2c39e90264f33305004495a9","hash":"f5c2102c9bd1131590d74e89b5706718671290be"}
,"C:\\Users\\Acer\\Documents\\work-immersion-system\\backend\\src\\routes\\authRoutes.js": {"path":"C:\\Users\\Acer\\Documents\\work-immersion-system\\backend\\src\\routes\\authRoutes.js","statementMap":{"0":{"start":{"line":1,"column":16},"end":{"line":1,"column":34}},"1":{"start":{"line":2,"column":71},"end":{"line":2,"column":111}},"2":{"start":{"line":4,"column":15},"end":{"line":4,"column":31}},"3":{"start":{"line":6,"column":0},"end":{"line":6,"column":35}},"4":{"start":{"line":7,"column":0},"end":{"line":7,"column":29}},"5":{"start":{"line":8,"column":0},"end":{"line":8,"column":40}},"6":{"start":{"line":9,"column":0},"end":{"line":9,"column":48}},"7":{"start":{"line":10,"column":0},"end":{"line":10,"column":46}},"8":{"start":{"line":12,"column":0},"end":{"line":12,"column":24}}},"fnMap":{},"branchMap":{},"s":{"0":1,"1":1,"2":1,"3":1,"4":1,"5":1,"6":1,"7":1,"8":1},"f":{},"b":{},"_coverageSchema":"1a1c01bbd47fc00a2c39e90264f33305004495a9","hash":"2da93b7452ddc492f0bb267ac4e074ba4f002988"}
,"C:\\Users\\Acer\\Documents\\work-immersion-system\\backend\\src\\routes\\studentRoutes.js": {"path":"C:\\Users\\Acer\\Documents\\work-immersion-system\\backend\\src\\routes\\studentRoutes.js","statementMap":{"0":{"start":{"line":1,"column":16},"end":{"line":1,"column":34}},"1":{"start":{"line":2,"column":43},"end":{"line":2,"column":70}},"2":{"start":{"line":11,"column":4},"end":{"line":11,"column":47}},"3":{"start":{"line":18,"column":4},"end":{"line":18,"column":50}},"4":{"start":{"line":20,"column":16},"end":{"line":20,"column":55}},"5":{"start":{"line":21,"column":18},"end":{"line":21,"column":57}},"6":{"start":{"line":23,"column":15},"end":{"line":23,"column":31}},"7":{"start":{"line":25,"column":0},"end":{"line":25,"column":63}},"8":{"start":{"line":26,"column":0},"end":{"line":26,"column":84}},"9":{"start":{"line":28,"column":0},"end":{"line":28,"column":70}},"10":{"start":{"line":29,"column":0},"end":{"line":29,"column":72}},"11":{"start":{"line":30,"column":0},"end":{"line":30,"column":79}},"12":{"start":{"line":31,"column":0},"end":{"line":31,"column":83}},"13":{"start":{"line":34,"column":0},"end":{"line":34,"column":83}},"14":{"start":{"line":35,"column":0},"end":{"line":35,"column":86}},"15":{"start":{"line":36,"column":0},"end":{"line":36,"column":68}},"16":{"start":{"line":37,"column":0},"end":{"line":37,"column":80}},"17":{"start":{"line":38,"column":0},"end":{"line":38,"column":75}},"18":{"start":{"line":40,"column":0},"end":{"line":40,"column":24}}},"fnMap":{},"branchMap":{},"s":{"0":1,"1":1,"2":1,"3":1,"4":1,"5":1,"6":1,"7":1,"8":1,"9":1,"10":1,"11":1,"12":1,"13":1,"14":1,"15":1,"16":1,"17":1,"18":1},"f":{},"b":{},"_coverageSchema":"1a1c01bbd47fc00a2c39e90264f33305004495a9","hash":"beb8a7182d89ead41719a971334b2d0fcaca2dfc"}
,"C:\\Users\\Acer\\Documents\\work-immersion-system\\backend\\src\\routes\\teacherRoutes.js": {"path":"C:\\Users\\Acer\\Documents\\work-immersion-system\\backend\\src\\routes\\teacherRoutes.js","statementMap":{"0":{"start":{"line":1,"column":16},"end":{"line":1,"column":34}},"1":{"start":{"line":14,"column":4},"end":{"line":14,"column":47}},"2":{"start":{"line":21,"column":4},"end":{"line":21,"column":50}},"3":{"start":{"line":23,"column":16},"end":{"line":23,"column":55}},"4":{"start":{"line":24,"column":18},"end":{"line":24,"column":57}},"5":{"start":{"line":26,"column":15},"end":{"line":26,"column":31}},"6":{"start":{"line":29,"column":0},"end":{"line":29,"column":63}},"7":{"start":{"line":30,"column":0},"end":{"line":30,"column":66}},"8":{"start":{"line":33,"column":0},"end":{"line":33,"column":70}},"9":{"start":{"line":34,"column":0},"end":{"line":34,"column":75}},"10":{"start":{"line":35,"column":0},"end":{"line":35,"column":84}},"11":{"start":{"line":36,"column":0},"end":{"line":36,"column":82}},"12":{"start":{"line":39,"column":0},"end":{"line":39,"column":86}},"13":{"start":{"line":40,"column":0},"end":{"line":40,"column":86}},"14":{"start":{"line":41,"column":0},"end":{"line":41,"column":81}},"15":{"start":{"line":42,"column":0},"end":{"line":42,"column":79}},"16":{"start":{"line":43,"column":0},"end":{"line":43,"column":83}},"17":{"start":{"line":44,"column":0},"end":{"line":44,"column":87}},"18":{"start":{"line":47,"column":0},"end":{"line":47,"column":86}},"19":{"start":{"line":48,"column":0},"end":{"line":48,"column":69}},"20":{"start":{"line":49,"column":0},"end":{"line":49,"column":78}},"21":{"start":{"line":51,"column":0},"end":{"line":51,"column":24}}},"fnMap":{},"branchMap":{},"s":{"0":1,"1":1,"2":1,"3":1,"4":1,"5":1,"6":1,"7":1,"8":1,"9":1,"10":1,"11":1,"12":1,"13":1,"14":1,"15":1,"16":1,"17":1,"18":1,"19":1,"20":1,"21":1},"f":{},"b":{},"_coverageSchema":"1a1c01bbd47fc00a2c39e90264f33305004495a9","hash":"f6a4e5633a21f5947ca9928f768451908630a466"}
}
