TN:
SF:server.js
FN:36,(anonymous_0)
FN:43,(anonymous_1)
FNF:2
FNH:1
FNDA:1,(anonymous_0)
FNDA:0,(anonymous_1)
DA:1,1
DA:2,1
DA:3,1
DA:4,1
DA:5,1
DA:7,1
DA:9,1
DA:12,1
DA:20,1
DA:21,1
DA:22,1
DA:24,1
DA:26,1
DA:27,1
DA:28,1
DA:29,1
DA:31,1
DA:32,1
DA:33,1
DA:34,1
DA:36,1
DA:37,1
DA:40,1
DA:42,1
DA:43,0
DA:44,0
DA:45,0
DA:46,0
DA:50,1
LF:29
LH:25
BRDA:40,0,0,1
BRDA:40,0,1,0
BRDA:42,1,0,0
BRDA:42,1,1,1
BRF:4
BRH:2
end_of_record
TN:
SF:src\config\db.js
FN:5,(anonymous_0)
FNF:1
FNH:1
FNDA:1,(anonymous_0)
DA:1,1
DA:2,1
DA:3,1
DA:5,1
DA:6,1
DA:7,1
DA:8,1
DA:10,0
DA:11,0
DA:15,1
LF:10
LH:8
BRF:0
BRH:0
end_of_record
TN:
SF:src\config\multer.js
FN:12,(anonymous_0)
FN:13,(anonymous_1)
FN:21,(anonymous_2)
FN:22,(anonymous_3)
FN:29,(anonymous_4)
FN:38,(anonymous_5)
FNF:6
FNH:0
FNDA:0,(anonymous_0)
FNDA:0,(anonymous_1)
FNDA:0,(anonymous_2)
FNDA:0,(anonymous_3)
FNDA:0,(anonymous_4)
FNDA:0,(anonymous_5)
DA:1,1
DA:2,1
DA:3,1
DA:5,1
DA:6,1
DA:8,1
DA:9,1
DA:11,1
DA:12,0
DA:14,0
DA:15,0
DA:16,0
DA:20,1
DA:21,0
DA:23,0
DA:24,0
DA:25,0
DA:29,1
DA:30,0
DA:31,0
DA:32,0
DA:34,0
DA:38,1
DA:39,0
DA:44,0
DA:45,0
DA:47,0
DA:51,1
DA:57,1
DA:63,1
LF:30
LH:14
BRDA:31,0,0,0
BRDA:31,0,1,0
BRDA:44,1,0,0
BRDA:44,1,1,0
BRF:4
BRH:0
end_of_record
TN:
SF:src\controllers\adminController.js
FN:4,(anonymous_0)
FN:9,(anonymous_1)
FN:14,(anonymous_2)
FN:19,(anonymous_3)
FN:27,(anonymous_4)
FN:35,(anonymous_5)
FN:43,(anonymous_6)
FN:58,(anonymous_7)
FN:73,(anonymous_8)
FN:88,(anonymous_9)
FN:97,(anonymous_10)
FN:106,(anonymous_11)
FN:115,(anonymous_12)
FN:130,(anonymous_13)
FN:145,(anonymous_14)
FN:169,(anonymous_15)
FN:189,(anonymous_16)
FN:210,(anonymous_17)
FN:229,(anonymous_18)
FN:230,(anonymous_19)
FN:231,(anonymous_20)
FN:238,(anonymous_21)
FN:246,(anonymous_22)
FN:247,(anonymous_23)
FNF:24
FNH:4
FNDA:1,(anonymous_0)
FNDA:1,(anonymous_1)
FNDA:1,(anonymous_2)
FNDA:0,(anonymous_3)
FNDA:0,(anonymous_4)
FNDA:0,(anonymous_5)
FNDA:0,(anonymous_6)
FNDA:0,(anonymous_7)
FNDA:0,(anonymous_8)
FNDA:0,(anonymous_9)
FNDA:0,(anonymous_10)
FNDA:0,(anonymous_11)
FNDA:0,(anonymous_12)
FNDA:0,(anonymous_13)
FNDA:0,(anonymous_14)
FNDA:1,(anonymous_15)
FNDA:0,(anonymous_16)
FNDA:0,(anonymous_17)
FNDA:0,(anonymous_18)
FNDA:0,(anonymous_19)
FNDA:0,(anonymous_20)
FNDA:0,(anonymous_21)
FNDA:0,(anonymous_22)
FNDA:0,(anonymous_23)
DA:1,1
DA:2,1
DA:4,1
DA:5,1
DA:6,1
DA:9,1
DA:10,1
DA:11,1
DA:14,1
DA:15,1
DA:16,1
DA:19,1
DA:20,0
DA:21,0
DA:22,0
DA:24,0
DA:27,1
DA:28,0
DA:29,0
DA:30,0
DA:32,0
DA:35,1
DA:36,0
DA:37,0
DA:38,0
DA:40,0
DA:43,1
DA:44,0
DA:46,0
DA:48,0
DA:50,0
DA:51,0
DA:54,0
DA:55,0
DA:58,1
DA:59,0
DA:61,0
DA:63,0
DA:65,0
DA:66,0
DA:69,0
DA:70,0
DA:73,1
DA:74,0
DA:76,0
DA:78,0
DA:80,0
DA:81,0
DA:84,0
DA:85,0
DA:88,1
DA:89,0
DA:90,0
DA:91,0
DA:93,0
DA:94,0
DA:97,1
DA:98,0
DA:99,0
DA:100,0
DA:102,0
DA:103,0
DA:106,1
DA:107,0
DA:108,0
DA:109,0
DA:111,0
DA:112,0
DA:115,1
DA:116,0
DA:118,0
DA:127,0
DA:130,1
DA:131,0
DA:133,0
DA:142,0
DA:145,1
DA:146,0
DA:147,0
DA:149,0
DA:158,0
DA:159,0
DA:162,0
DA:163,0
DA:166,1
DA:167,1
DA:169,1
DA:170,1
DA:171,1
DA:173,1
DA:175,1
DA:176,0
DA:182,1
DA:183,0
DA:186,1
DA:188,0
DA:189,0
DA:190,0
DA:193,1
DA:204,0
DA:206,1
DA:210,1
DA:211,0
DA:212,0
DA:214,0
DA:215,0
DA:216,0
DA:222,0
DA:227,0
DA:229,0
DA:230,0
DA:232,0
DA:233,0
DA:234,0
DA:235,0
DA:236,0
DA:239,0
DA:240,0
DA:241,0
DA:242,0
DA:243,0
DA:246,0
DA:247,0
DA:251,0
DA:253,0
DA:257,1
LF:126
LH:36
BRDA:21,0,0,0
BRDA:21,0,1,0
BRDA:21,1,0,0
BRDA:21,1,1,0
BRDA:29,2,0,0
BRDA:29,2,1,0
BRDA:29,3,0,0
BRDA:29,3,1,0
BRDA:37,4,0,0
BRDA:37,4,1,0
BRDA:46,5,0,0
BRDA:46,5,1,0
BRDA:46,6,0,0
BRDA:46,6,1,0
BRDA:50,7,0,0
BRDA:50,7,1,0
BRDA:61,8,0,0
BRDA:61,8,1,0
BRDA:61,9,0,0
BRDA:61,9,1,0
BRDA:65,10,0,0
BRDA:65,10,1,0
BRDA:76,11,0,0
BRDA:76,11,1,0
BRDA:80,12,0,0
BRDA:80,12,1,0
BRDA:90,13,0,0
BRDA:90,13,1,0
BRDA:90,14,0,0
BRDA:90,14,1,0
BRDA:99,15,0,0
BRDA:99,15,1,0
BRDA:99,16,0,0
BRDA:99,16,1,0
BRDA:108,17,0,0
BRDA:108,17,1,0
BRDA:116,18,0,0
BRDA:116,18,1,0
BRDA:131,19,0,0
BRDA:131,19,1,0
BRDA:146,20,0,0
BRDA:146,20,1,0
BRDA:158,21,0,0
BRDA:158,21,1,0
BRDA:175,22,0,0
BRDA:175,22,1,1
BRDA:175,23,0,1
BRDA:175,23,1,0
BRDA:182,24,0,0
BRDA:182,24,1,1
BRDA:186,25,0,0
BRDA:186,25,1,1
BRDA:215,26,0,0
BRDA:215,26,1,0
BRDA:215,27,0,0
BRDA:215,27,1,0
BRDA:232,28,0,0
BRDA:232,28,1,0
BRDA:233,29,0,0
BRDA:233,29,1,0
BRDA:239,30,0,0
BRDA:239,30,1,0
BRDA:240,31,0,0
BRDA:240,31,1,0
BRF:64
BRH:4
end_of_record
TN:
SF:src\controllers\attendanceController.js
FN:6,(anonymous_0)
FN:41,(anonymous_1)
FN:76,(anonymous_2)
FN:122,(anonymous_3)
FN:142,(anonymous_4)
FN:188,(anonymous_5)
FN:234,(anonymous_6)
FN:258,(anonymous_7)
FNF:8
FNH:0
FNDA:0,(anonymous_0)
FNDA:0,(anonymous_1)
FNDA:0,(anonymous_2)
FNDA:0,(anonymous_3)
FNDA:0,(anonymous_4)
FNDA:0,(anonymous_5)
FNDA:0,(anonymous_6)
FNDA:0,(anonymous_7)
DA:1,1
DA:2,1
DA:3,1
DA:6,1
DA:7,0
DA:8,0
DA:11,0
DA:16,0
DA:17,0
DA:23,0
DA:31,0
DA:36,0
DA:41,1
DA:42,0
DA:43,0
DA:46,0
DA:51,0
DA:52,0
DA:58,0
DA:66,0
DA:71,0
DA:76,1
DA:77,0
DA:78,0
DA:80,0
DA:85,0
DA:86,0
DA:90,0
DA:91,0
DA:92,0
DA:94,0
DA:95,0
DA:101,0
DA:102,0
DA:111,0
DA:112,0
DA:113,0
DA:115,0
DA:117,0
DA:122,1
DA:123,0
DA:124,0
DA:128,0
DA:129,0
DA:132,0
DA:137,0
DA:142,1
DA:143,0
DA:144,0
DA:147,0
DA:152,0
DA:153,0
DA:157,0
DA:158,0
DA:160,0
DA:166,0
DA:167,0
DA:171,0
DA:178,0
DA:183,0
DA:188,1
DA:189,0
DA:190,0
DA:193,0
DA:198,0
DA:199,0
DA:203,0
DA:204,0
DA:206,0
DA:212,0
DA:213,0
DA:216,0
DA:217,0
DA:221,0
DA:222,0
DA:224,0
DA:229,0
DA:234,1
DA:235,0
DA:236,0
DA:237,0
DA:239,0
DA:240,0
DA:241,0
DA:242,0
DA:243,0
DA:244,0
DA:245,0
DA:248,0
DA:251,0
DA:253,0
DA:258,1
DA:259,0
DA:260,0
DA:262,0
DA:263,0
DA:264,0
DA:265,0
DA:266,0
DA:267,0
DA:268,0
DA:270,0
DA:271,0
DA:274,0
DA:278,0
DA:280,0
DA:284,1
LF:107
LH:12
BRDA:16,0,0,0
BRDA:16,0,1,0
BRDA:51,1,0,0
BRDA:51,1,1,0
BRDA:85,2,0,0
BRDA:85,2,1,0
BRDA:101,3,0,0
BRDA:101,3,1,0
BRDA:128,4,0,0
BRDA:128,4,1,0
BRDA:152,5,0,0
BRDA:152,5,1,0
BRDA:166,6,0,0
BRDA:166,6,1,0
BRDA:198,7,0,0
BRDA:198,7,1,0
BRDA:212,8,0,0
BRDA:212,8,1,0
BRDA:216,9,0,0
BRDA:216,9,1,0
BRDA:240,10,0,0
BRDA:240,10,1,0
BRDA:263,11,0,0
BRDA:263,11,1,0
BRDA:270,12,0,0
BRDA:270,12,1,0
BRF:26
BRH:0
end_of_record
TN:
SF:src\controllers\authController.js
FN:7,(anonymous_0)
FN:16,(anonymous_1)
FN:87,(anonymous_2)
FN:145,(anonymous_3)
FN:267,(anonymous_4)
FN:311,(anonymous_5)
FNF:6
FNH:4
FNDA:4,(anonymous_0)
FNDA:6,(anonymous_1)
FNDA:4,(anonymous_2)
FNDA:0,(anonymous_3)
FNDA:0,(anonymous_4)
FNDA:2,(anonymous_5)
DA:1,1
DA:2,1
DA:3,1
DA:4,1
DA:5,1
DA:7,1
DA:8,4
DA:16,1
DA:25,6
DA:27,6
DA:28,6
DA:29,1
DA:32,5
DA:33,1
DA:36,4
DA:37,0
DA:40,4
DA:41,0
DA:44,4
DA:52,4
DA:53,4
DA:56,0
DA:58,0
DA:66,0
DA:67,0
DA:70,0
DA:71,0
DA:74,0
DA:76,0
DA:82,0
DA:87,1
DA:88,4
DA:89,4
DA:91,4
DA:93,4
DA:94,4
DA:95,1
DA:98,3
DA:99,3
DA:100,3
DA:101,3
DA:103,3
DA:104,0
DA:107,3
DA:109,3
DA:110,0
DA:113,3
DA:114,0
DA:117,3
DA:118,0
DA:121,3
DA:123,3
DA:124,1
DA:127,2
DA:128,2
DA:139,0
DA:140,0
DA:145,1
DA:146,0
DA:148,0
DA:149,0
DA:150,0
DA:153,0
DA:155,0
DA:156,0
DA:160,0
DA:161,0
DA:164,0
DA:165,0
DA:166,0
DA:168,0
DA:172,0
DA:173,0
DA:174,0
DA:175,0
DA:176,0
DA:179,0
DA:180,0
DA:182,0
DA:195,0
DA:238,0
DA:239,0
DA:241,0
DA:243,0
DA:244,0
DA:245,0
DA:246,0
DA:250,0
DA:251,0
DA:255,0
DA:258,0
DA:261,0
DA:262,0
DA:267,1
DA:268,0
DA:270,0
DA:271,0
DA:272,0
DA:275,0
DA:276,0
DA:279,0
DA:280,0
DA:284,0
DA:286,0
DA:291,0
DA:292,0
DA:296,0
DA:297,0
DA:298,0
DA:299,0
DA:300,0
DA:302,0
DA:305,0
DA:306,0
DA:311,1
DA:312,2
DA:314,2
DA:315,2
DA:316,2
DA:318,2
DA:319,0
DA:320,0
DA:323,2
DA:324,2
DA:326,2
DA:327,0
DA:328,0
DA:331,2
DA:332,0
DA:333,0
DA:336,2
DA:337,0
DA:338,0
DA:341,2
DA:342,2
DA:344,2
DA:345,0
DA:346,0
DA:349,2
DA:350,2
DA:352,2
DA:363,0
DA:364,0
DA:368,1
LF:144
LH:60
BRDA:28,0,0,1
BRDA:28,0,1,5
BRDA:32,1,0,1
BRDA:32,1,1,4
BRDA:36,2,0,0
BRDA:36,2,1,4
BRDA:36,3,0,4
BRDA:36,3,1,2
BRDA:40,4,0,0
BRDA:40,4,1,4
BRDA:40,5,0,4
BRDA:40,5,1,1
BRDA:47,6,0,2
BRDA:47,6,1,2
BRDA:48,7,0,1
BRDA:48,7,1,3
BRDA:52,8,0,4
BRDA:52,8,1,0
BRDA:63,9,0,0
BRDA:63,9,1,0
BRDA:66,10,0,0
BRDA:66,10,1,0
BRDA:70,11,0,0
BRDA:70,11,1,0
BRDA:94,12,0,1
BRDA:94,12,1,3
BRDA:99,13,0,3
BRDA:99,13,1,0
BRDA:100,14,0,0
BRDA:100,14,1,3
BRDA:101,15,0,0
BRDA:101,15,1,3
BRDA:103,16,0,0
BRDA:103,16,1,3
BRDA:109,17,0,0
BRDA:109,17,1,3
BRDA:113,18,0,0
BRDA:113,18,1,3
BRDA:117,19,0,0
BRDA:117,19,1,3
BRDA:123,20,0,1
BRDA:123,20,1,2
BRDA:149,21,0,0
BRDA:149,21,1,0
BRDA:155,22,0,0
BRDA:155,22,1,0
BRDA:179,23,0,0
BRDA:179,23,1,0
BRDA:179,24,0,0
BRDA:179,24,1,0
BRDA:271,25,0,0
BRDA:271,25,1,0
BRDA:271,26,0,0
BRDA:271,26,1,0
BRDA:271,26,2,0
BRDA:275,27,0,0
BRDA:275,27,1,0
BRDA:279,28,0,0
BRDA:279,28,1,0
BRDA:291,29,0,0
BRDA:291,29,1,0
BRDA:318,30,0,0
BRDA:318,30,1,2
BRDA:318,31,0,2
BRDA:318,31,1,2
BRDA:326,32,0,0
BRDA:326,32,1,2
BRDA:331,33,0,0
BRDA:331,33,1,2
BRDA:336,34,0,0
BRDA:336,34,1,2
BRDA:344,35,0,0
BRDA:344,35,1,2
BRF:73
BRH:33
end_of_record
TN:
SF:src\controllers\studentController.js
FN:7,(anonymous_0)
FN:12,(anonymous_1)
FN:17,(anonymous_2)
FN:32,(anonymous_3)
FN:62,(anonymous_4)
FN:79,(anonymous_5)
FN:87,(anonymous_6)
FN:107,(anonymous_7)
FN:129,(anonymous_8)
FN:152,(anonymous_9)
FN:157,(anonymous_10)
FN:175,(anonymous_11)
FNF:12
FNH:0
FNDA:0,(anonymous_0)
FNDA:0,(anonymous_1)
FNDA:0,(anonymous_2)
FNDA:0,(anonymous_3)
FNDA:0,(anonymous_4)
FNDA:0,(anonymous_5)
FNDA:0,(anonymous_6)
FNDA:0,(anonymous_7)
FNDA:0,(anonymous_8)
FNDA:0,(anonymous_9)
FNDA:0,(anonymous_10)
FNDA:0,(anonymous_11)
DA:1,1
DA:2,1
DA:3,1
DA:4,1
DA:7,1
DA:8,0
DA:9,0
DA:12,1
DA:13,0
DA:14,0
DA:16,0
DA:17,0
DA:18,0
DA:19,0
DA:23,0
DA:24,0
DA:27,0
DA:28,0
DA:32,1
DA:33,0
DA:35,0
DA:37,0
DA:39,0
DA:40,0
DA:43,0
DA:48,0
DA:49,0
DA:52,0
DA:58,0
DA:62,1
DA:63,0
DA:68,0
DA:69,0
DA:72,0
DA:73,0
DA:75,0
DA:79,1
DA:80,0
DA:84,0
DA:87,1
DA:88,0
DA:90,0
DA:91,0
DA:94,0
DA:95,0
DA:96,0
DA:97,0
DA:100,0
DA:107,1
DA:108,0
DA:110,0
DA:111,0
DA:114,0
DA:121,0
DA:122,0
DA:125,0
DA:126,0
DA:129,1
DA:130,0
DA:131,0
DA:133,0
DA:134,0
DA:137,0
DA:138,0
DA:141,0
DA:142,0
DA:144,0
DA:145,0
DA:148,0
DA:149,0
DA:152,1
DA:153,0
DA:154,0
DA:157,1
DA:158,0
DA:160,0
DA:161,0
DA:164,0
DA:165,0
DA:168,0
DA:169,0
DA:170,0
DA:172,0
DA:175,1
DA:176,0
DA:178,0
DA:179,0
DA:182,0
DA:183,0
DA:186,0
DA:187,0
DA:190,1
LF:92
LH:16
BRDA:14,0,0,0
BRDA:14,0,1,0
BRDA:18,1,0,0
BRDA:18,1,1,0
BRDA:23,2,0,0
BRDA:23,2,1,0
BRDA:35,3,0,0
BRDA:35,3,1,0
BRDA:39,4,0,0
BRDA:39,4,1,0
BRDA:48,5,0,0
BRDA:48,5,1,0
BRDA:68,6,0,0
BRDA:68,6,1,0
BRDA:90,7,0,0
BRDA:90,7,1,0
BRDA:94,8,0,0
BRDA:94,8,1,0
BRDA:110,9,0,0
BRDA:110,9,1,0
BRDA:117,10,0,0
BRDA:117,10,1,0
BRDA:118,11,0,0
BRDA:118,11,1,0
BRDA:121,12,0,0
BRDA:121,12,1,0
BRDA:133,13,0,0
BRDA:133,13,1,0
BRDA:137,14,0,0
BRDA:137,14,1,0
BRDA:141,15,0,0
BRDA:141,15,1,0
BRDA:142,16,0,0
BRDA:142,16,1,0
BRDA:144,17,0,0
BRDA:144,17,1,0
BRDA:160,18,0,0
BRDA:160,18,1,0
BRDA:164,19,0,0
BRDA:164,19,1,0
BRDA:178,20,0,0
BRDA:178,20,1,0
BRDA:182,21,0,0
BRDA:182,21,1,0
BRF:44
BRH:0
end_of_record
TN:
SF:src\controllers\teacherController.js
FN:7,(anonymous_0)
FN:12,(anonymous_1)
FN:20,(anonymous_2)
FN:27,(anonymous_3)
FN:36,(anonymous_4)
FN:62,(anonymous_5)
FN:96,(anonymous_6)
FN:122,(anonymous_7)
FN:135,(anonymous_8)
FN:136,(anonymous_9)
FN:141,(anonymous_10)
FN:160,(anonymous_11)
FN:173,(anonymous_12)
FN:196,(anonymous_13)
FN:222,(anonymous_14)
FN:234,(anonymous_15)
FNF:16
FNH:0
FNDA:0,(anonymous_0)
FNDA:0,(anonymous_1)
FNDA:0,(anonymous_2)
FNDA:0,(anonymous_3)
FNDA:0,(anonymous_4)
FNDA:0,(anonymous_5)
FNDA:0,(anonymous_6)
FNDA:0,(anonymous_7)
FNDA:0,(anonymous_8)
FNDA:0,(anonymous_9)
FNDA:0,(anonymous_10)
FNDA:0,(anonymous_11)
FNDA:0,(anonymous_12)
FNDA:0,(anonymous_13)
FNDA:0,(anonymous_14)
FNDA:0,(anonymous_15)
DA:1,1
DA:2,1
DA:3,1
DA:4,1
DA:7,1
DA:8,0
DA:9,0
DA:12,1
DA:13,0
DA:14,0
DA:15,0
DA:16,0
DA:20,1
DA:23,0
DA:24,0
DA:27,1
DA:28,0
DA:29,0
DA:30,0
DA:32,0
DA:36,1
DA:37,0
DA:39,0
DA:49,0
DA:50,0
DA:51,0
DA:54,0
DA:59,0
DA:62,1
DA:63,0
DA:64,0
DA:65,0
DA:68,0
DA:69,0
DA:71,0
DA:75,0
DA:76,0
DA:77,0
DA:82,0
DA:83,0
DA:90,0
DA:91,0
DA:93,0
DA:96,1
DA:97,0
DA:99,0
DA:101,0
DA:102,0
DA:103,0
DA:104,0
DA:105,0
DA:108,0
DA:109,0
DA:110,0
DA:111,0
DA:115,0
DA:119,0
DA:122,1
DA:123,0
DA:125,0
DA:126,0
DA:127,0
DA:130,0
DA:133,0
DA:135,0
DA:136,0
DA:141,0
DA:142,0
DA:143,0
DA:144,0
DA:152,0
DA:153,0
DA:156,0
DA:160,1
DA:161,0
DA:162,0
DA:163,0
DA:166,0
DA:170,0
DA:173,1
DA:174,0
DA:176,0
DA:178,0
DA:179,0
DA:182,0
DA:183,0
DA:184,0
DA:185,0
DA:186,0
DA:189,0
DA:193,0
DA:196,1
DA:197,0
DA:198,0
DA:200,0
DA:202,0
DA:203,0
DA:204,0
DA:207,0
DA:208,0
DA:209,0
DA:210,0
DA:213,0
DA:214,0
DA:215,0
DA:217,0
DA:218,0
DA:222,1
DA:223,0
DA:224,0
DA:225,0
DA:228,0
DA:229,0
DA:231,0
DA:234,1
DA:235,0
DA:236,0
DA:237,0
DA:240,0
DA:241,0
DA:243,0
DA:246,1
LF:122
LH:18
BRDA:29,0,0,0
BRDA:29,0,1,0
BRDA:29,1,0,0
BRDA:29,1,1,0
BRDA:50,2,0,0
BRDA:50,2,1,0
BRDA:50,3,0,0
BRDA:50,3,1,0
BRDA:64,4,0,0
BRDA:64,4,1,0
BRDA:69,5,0,0
BRDA:69,5,1,0
BRDA:82,6,0,0
BRDA:82,6,1,0
BRDA:101,7,0,0
BRDA:101,7,1,0
BRDA:108,8,0,0
BRDA:108,8,1,0
BRDA:110,9,0,0
BRDA:110,9,1,0
BRDA:126,10,0,0
BRDA:126,10,1,0
BRDA:126,11,0,0
BRDA:126,11,1,0
BRDA:143,12,0,0
BRDA:143,12,1,0
BRDA:162,13,0,0
BRDA:162,13,1,0
BRDA:162,14,0,0
BRDA:162,14,1,0
BRDA:178,15,0,0
BRDA:178,15,1,0
BRDA:182,16,0,0
BRDA:182,16,1,0
BRDA:202,17,0,0
BRDA:202,17,1,0
BRDA:202,18,0,0
BRDA:202,18,1,0
BRDA:202,18,2,0
BRDA:208,19,0,0
BRDA:208,19,1,0
BRDA:224,20,0,0
BRDA:224,20,1,0
BRDA:224,21,0,0
BRDA:224,21,1,0
BRDA:236,22,0,0
BRDA:236,22,1,0
BRDA:236,23,0,0
BRDA:236,23,1,0
BRF:49
BRH:0
end_of_record
TN:
SF:src\middleware\authMiddleware.js
FN:3,(anonymous_0)
FNF:1
FNH:1
FNDA:6,(anonymous_0)
DA:1,1
DA:3,1
DA:4,6
DA:6,6
DA:8,5
DA:9,5
DA:10,4
DA:11,4
DA:13,1
DA:17,1
LF:10
LH:10
BRDA:6,0,0,1
BRDA:6,0,1,5
BRF:2
BRH:2
end_of_record
TN:
SF:src\middleware\roleMiddleware.js
FN:1,(anonymous_0)
FN:2,(anonymous_1)
FNF:2
FNH:2
FNDA:43,(anonymous_0)
FNDA:4,(anonymous_1)
DA:1,1
DA:2,43
DA:3,4
DA:4,0
DA:6,4
DA:10,1
LF:6
LH:5
BRDA:3,0,0,0
BRDA:3,0,1,4
BRF:2
BRH:1
end_of_record
TN:
SF:src\models\attendance.js
FN:16,(anonymous_0)
FNF:1
FNH:0
FNDA:0,(anonymous_0)
DA:1,1
DA:3,1
DA:17,0
DA:18,0
DA:33,1
DA:35,1
LF:6
LH:4
BRF:0
BRH:0
end_of_record
TN:
SF:src\models\attendanceSession.js
FNF:0
FNH:0
DA:1,1
DA:3,1
DA:28,1
LF:3
LH:3
BRF:0
BRH:0
end_of_record
TN:
SF:src\models\report.js
FNF:0
FNH:0
DA:1,1
DA:3,1
DA:42,1
LF:3
LH:3
BRF:0
BRH:0
end_of_record
TN:
SF:src\models\user.js
FNF:0
FNH:0
DA:1,1
DA:3,1
DA:48,1
LF:3
LH:3
BRF:0
BRH:0
end_of_record
TN:
SF:src\routes\adminRoutes.js
FNF:0
FNH:0
DA:1,1
DA:20,1
DA:23,1
DA:24,1
DA:26,1
DA:29,1
DA:30,1
DA:31,1
DA:32,1
DA:33,1
DA:36,1
DA:37,1
DA:38,1
DA:39,1
DA:40,1
DA:43,1
DA:44,1
DA:45,1
DA:46,1
DA:47,1
DA:50,1
DA:51,1
DA:55,1
LF:23
LH:23
BRF:0
BRH:0
end_of_record
TN:
SF:src\routes\authRoutes.js
FNF:0
FNH:0
DA:1,1
DA:2,1
DA:4,1
DA:6,1
DA:7,1
DA:8,1
DA:9,1
DA:10,1
DA:12,1
LF:9
LH:9
BRF:0
BRH:0
end_of_record
TN:
SF:src\routes\studentRoutes.js
FNF:0
FNH:0
DA:1,1
DA:2,1
DA:11,1
DA:18,1
DA:20,1
DA:21,1
DA:23,1
DA:25,1
DA:26,1
DA:28,1
DA:29,1
DA:30,1
DA:31,1
DA:34,1
DA:35,1
DA:36,1
DA:37,1
DA:38,1
DA:40,1
LF:19
LH:19
BRF:0
BRH:0
end_of_record
TN:
SF:src\routes\teacherRoutes.js
FNF:0
FNH:0
DA:1,1
DA:14,1
DA:21,1
DA:23,1
DA:24,1
DA:26,1
DA:29,1
DA:30,1
DA:33,1
DA:34,1
DA:35,1
DA:36,1
DA:39,1
DA:40,1
DA:41,1
DA:42,1
DA:43,1
DA:44,1
DA:47,1
DA:48,1
DA:49,1
DA:51,1
LF:22
LH:22
BRF:0
BRH:0
end_of_record
